{"E:\\react\\c04-typescript\\src\\App.tsx": {"path":"E:\\react\\c04-typescript\\src\\App.tsx","statementMap":{"0":{"start":{"line":21,"column":22},"end":{"line":41,"column":1}},"1":{"start":{"line":24,"column":2},"end":{"line":40,"column":4}}},"fnMap":{"0":{"name":"(anonymous_0)","decl":{"start":{"line":21,"column":22},"end":{"line":21,"column":23}},"loc":{"start":{"line":21,"column":28},"end":{"line":41,"column":1}},"line":21}},"branchMap":{"0":{"loc":{"start":{"line":32,"column":44},"end":{"line":32,"column":115}},"type":"cond-expr","locations":[{"start":{"line":32,"column":83},"end":{"line":32,"column":101}},{"start":{"line":32,"column":102},"end":{"line":32,"column":115}}],"line":32},"1":{"loc":{"start":{"line":33,"column":47},"end":{"line":33,"column":121}},"type":"cond-expr","locations":[{"start":{"line":33,"column":86},"end":{"line":33,"column":107}},{"start":{"line":33,"column":108},"end":{"line":33,"column":121}}],"line":33}},"s":{"0":1,"1":2},"f":{"0":2},"b":{"0":[1,1],"1":[1,1]},"_coverageSchema":"1a1c01bbd47fc00a2c39e90264f33305004495a9","hash":"2abd2609603f7f066fe7fa3fe1c2a7da2daa17e0"}
,"E:\\react\\c04-typescript\\src\\actions\\authAction.tsx": {"path":"E:\\react\\c04-typescript\\src\\actions\\authAction.tsx","statementMap":{"0":{"start":{"line":4,"column":25},"end":{"line":32,"column":5}},"1":{"start":{"line":4,"column":44},"end":{"line":32,"column":5}},"2":{"start":{"line":5,"column":8},"end":{"line":8,"column":11}},"3":{"start":{"line":9,"column":8},"end":{"line":31,"column":15}},"4":{"start":{"line":13,"column":16},"end":{"line":13,"column":89}},"5":{"start":{"line":14,"column":16},"end":{"line":14,"column":84}},"6":{"start":{"line":15,"column":16},"end":{"line":15,"column":76}},"7":{"start":{"line":16,"column":16},"end":{"line":16,"column":73}},"8":{"start":{"line":18,"column":16},"end":{"line":18,"column":48}},"9":{"start":{"line":20,"column":16},"end":{"line":23,"column":19}},"10":{"start":{"line":26,"column":16},"end":{"line":29,"column":19}},"11":{"start":{"line":34,"column":24},"end":{"line":37,"column":1}},"12":{"start":{"line":35,"column":4},"end":{"line":35,"column":65}},"13":{"start":{"line":36,"column":4},"end":{"line":36,"column":44}},"14":{"start":{"line":39,"column":22},"end":{"line":60,"column":1}},"15":{"start":{"line":39,"column":27},"end":{"line":60,"column":1}},"16":{"start":{"line":40,"column":4},"end":{"line":43,"column":7}},"17":{"start":{"line":45,"column":18},"end":{"line":45,"column":53}},"18":{"start":{"line":46,"column":4},"end":{"line":59,"column":20}},"19":{"start":{"line":49,"column":22},"end":{"line":49,"column":78}},"20":{"start":{"line":50,"column":22},"end":{"line":50,"column":70}},"21":{"start":{"line":51,"column":22},"end":{"line":51,"column":80}},"22":{"start":{"line":52,"column":22},"end":{"line":52,"column":79}},"23":{"start":{"line":54,"column":22},"end":{"line":54,"column":42}},"24":{"start":{"line":57,"column":20},"end":{"line":57,"column":95}},"25":{"start":{"line":58,"column":20},"end":{"line":58,"column":78}},"26":{"start":{"line":62,"column":26},"end":{"line":65,"column":1}},"27":{"start":{"line":63,"column":4},"end":{"line":63,"column":42}},"28":{"start":{"line":64,"column":4},"end":{"line":64,"column":37}}},"fnMap":{"0":{"name":"(anonymous_0)","decl":{"start":{"line":4,"column":25},"end":{"line":4,"column":26}},"loc":{"start":{"line":4,"column":44},"end":{"line":32,"column":5}},"line":4},"1":{"name":"(anonymous_1)","decl":{"start":{"line":4,"column":44},"end":{"line":4,"column":45}},"loc":{"start":{"line":4,"column":69},"end":{"line":32,"column":5}},"line":4},"2":{"name":"(anonymous_2)","decl":{"start":{"line":10,"column":18},"end":{"line":10,"column":19}},"loc":{"start":{"line":10,"column":26},"end":{"line":19,"column":13}},"line":10},"3":{"name":"(anonymous_3)","decl":{"start":{"line":19,"column":21},"end":{"line":19,"column":22}},"loc":{"start":{"line":19,"column":26},"end":{"line":31,"column":13}},"line":19},"4":{"name":"(anonymous_4)","decl":{"start":{"line":34,"column":24},"end":{"line":34,"column":25}},"loc":{"start":{"line":34,"column":59},"end":{"line":37,"column":1}},"line":34},"5":{"name":"(anonymous_5)","decl":{"start":{"line":39,"column":22},"end":{"line":39,"column":23}},"loc":{"start":{"line":39,"column":27},"end":{"line":60,"column":1}},"line":39},"6":{"name":"(anonymous_6)","decl":{"start":{"line":39,"column":27},"end":{"line":39,"column":28}},"loc":{"start":{"line":39,"column":52},"end":{"line":60,"column":1}},"line":39},"7":{"name":"(anonymous_7)","decl":{"start":{"line":47,"column":24},"end":{"line":47,"column":25}},"loc":{"start":{"line":47,"column":32},"end":{"line":55,"column":19}},"line":47},"8":{"name":"(anonymous_8)","decl":{"start":{"line":56,"column":25},"end":{"line":56,"column":26}},"loc":{"start":{"line":56,"column":28},"end":{"line":59,"column":19}},"line":56},"9":{"name":"(anonymous_9)","decl":{"start":{"line":62,"column":26},"end":{"line":62,"column":27}},"loc":{"start":{"line":62,"column":30},"end":{"line":65,"column":1}},"line":62}},"branchMap":{"0":{"loc":{"start":{"line":45,"column":18},"end":{"line":45,"column":53}},"type":"binary-expr","locations":[{"start":{"line":45,"column":18},"end":{"line":45,"column":47}},{"start":{"line":45,"column":51},"end":{"line":45,"column":53}}],"line":45}},"s":{"0":4,"1":3,"2":2,"3":2,"4":1,"5":1,"6":1,"7":1,"8":1,"9":1,"10":1,"11":4,"12":1,"13":1,"14":4,"15":3,"16":2,"17":2,"18":2,"19":1,"20":1,"21":1,"22":1,"23":1,"24":1,"25":1,"26":4,"27":1,"28":1},"f":{"0":3,"1":2,"2":1,"3":1,"4":1,"5":3,"6":2,"7":1,"8":1,"9":1},"b":{"0":[2,1]},"_coverageSchema":"1a1c01bbd47fc00a2c39e90264f33305004495a9","hash":"5b7d9256f78c37dd99417fb1c5c518aa8d72b9e5"}
,"E:\\react\\c04-typescript\\src\\actions\\noteAction.tsx": {"path":"E:\\react\\c04-typescript\\src\\actions\\noteAction.tsx","statementMap":{"0":{"start":{"line":4,"column":24},"end":{"line":35,"column":5}},"1":{"start":{"line":4,"column":29},"end":{"line":35,"column":5}},"2":{"start":{"line":5,"column":8},"end":{"line":8,"column":11}},"3":{"start":{"line":9,"column":8},"end":{"line":34,"column":15}},"4":{"start":{"line":14,"column":16},"end":{"line":14,"column":53}},"5":{"start":{"line":16,"column":16},"end":{"line":19,"column":19}},"6":{"start":{"line":20,"column":16},"end":{"line":23,"column":19}},"7":{"start":{"line":26,"column":16},"end":{"line":29,"column":19}},"8":{"start":{"line":30,"column":16},"end":{"line":33,"column":19}},"9":{"start":{"line":38,"column":24},"end":{"line":57,"column":5}},"10":{"start":{"line":39,"column":31},"end":{"line":39,"column":33}},"11":{"start":{"line":40,"column":33},"end":{"line":40,"column":35}},"12":{"start":{"line":41,"column":8},"end":{"line":46,"column":11}},"13":{"start":{"line":42,"column":12},"end":{"line":45,"column":34}},"14":{"start":{"line":43,"column":16},"end":{"line":43,"column":36}},"15":{"start":{"line":45,"column":16},"end":{"line":45,"column":34}},"16":{"start":{"line":48,"column":8},"end":{"line":51,"column":11}},"17":{"start":{"line":52,"column":8},"end":{"line":55,"column":11}}},"fnMap":{"0":{"name":"(anonymous_0)","decl":{"start":{"line":4,"column":24},"end":{"line":4,"column":25}},"loc":{"start":{"line":4,"column":29},"end":{"line":35,"column":5}},"line":4},"1":{"name":"(anonymous_1)","decl":{"start":{"line":4,"column":29},"end":{"line":4,"column":30}},"loc":{"start":{"line":4,"column":54},"end":{"line":35,"column":5}},"line":4},"2":{"name":"(anonymous_2)","decl":{"start":{"line":10,"column":18},"end":{"line":10,"column":19}},"loc":{"start":{"line":10,"column":26},"end":{"line":24,"column":13}},"line":10},"3":{"name":"(anonymous_3)","decl":{"start":{"line":24,"column":21},"end":{"line":24,"column":22}},"loc":{"start":{"line":24,"column":26},"end":{"line":34,"column":13}},"line":24},"4":{"name":"(anonymous_4)","decl":{"start":{"line":38,"column":24},"end":{"line":38,"column":25}},"loc":{"start":{"line":38,"column":59},"end":{"line":57,"column":5}},"line":38},"5":{"name":"(anonymous_5)","decl":{"start":{"line":41,"column":21},"end":{"line":41,"column":22}},"loc":{"start":{"line":41,"column":29},"end":{"line":46,"column":9}},"line":41}},"branchMap":{"0":{"loc":{"start":{"line":42,"column":12},"end":{"line":45,"column":34}},"type":"if","locations":[{"start":{"line":42,"column":12},"end":{"line":45,"column":34}},{"start":{"line":42,"column":12},"end":{"line":45,"column":34}}],"line":42}},"s":{"0":4,"1":4,"2":3,"3":3,"4":1,"5":1,"6":1,"7":1,"8":1,"9":4,"10":1,"11":1,"12":1,"13":4,"14":1,"15":3,"16":1,"17":1},"f":{"0":4,"1":3,"2":1,"3":1,"4":1,"5":4},"b":{"0":[1,3]},"_coverageSchema":"1a1c01bbd47fc00a2c39e90264f33305004495a9","hash":"a99752b18690644eedfb9c0e2106330f89499547"}
,"E:\\react\\c04-typescript\\src\\actions\\registerAction.tsx": {"path":"E:\\react\\c04-typescript\\src\\actions\\registerAction.tsx","statementMap":{"0":{"start":{"line":4,"column":26},"end":{"line":21,"column":1}},"1":{"start":{"line":4,"column":50},"end":{"line":21,"column":1}},"2":{"start":{"line":5,"column":4},"end":{"line":20,"column":11}},"3":{"start":{"line":10,"column":12},"end":{"line":10,"column":75}},"4":{"start":{"line":11,"column":12},"end":{"line":11,"column":72}},"5":{"start":{"line":16,"column":12},"end":{"line":19,"column":14}}},"fnMap":{"0":{"name":"(anonymous_0)","decl":{"start":{"line":4,"column":26},"end":{"line":4,"column":27}},"loc":{"start":{"line":4,"column":50},"end":{"line":21,"column":1}},"line":4},"1":{"name":"(anonymous_1)","decl":{"start":{"line":4,"column":50},"end":{"line":4,"column":51}},"loc":{"start":{"line":4,"column":75},"end":{"line":21,"column":1}},"line":4},"2":{"name":"(anonymous_2)","decl":{"start":{"line":6,"column":14},"end":{"line":6,"column":15}},"loc":{"start":{"line":6,"column":22},"end":{"line":13,"column":9}},"line":6},"3":{"name":"(anonymous_3)","decl":{"start":{"line":13,"column":17},"end":{"line":13,"column":18}},"loc":{"start":{"line":13,"column":22},"end":{"line":20,"column":9}},"line":13}},"branchMap":{},"s":{"0":3,"1":3,"2":2,"3":1,"4":1,"5":1},"f":{"0":3,"1":2,"2":1,"3":1},"b":{},"_coverageSchema":"1a1c01bbd47fc00a2c39e90264f33305004495a9","hash":"5a9447f3d4de42162122e0cc45ab039d08c02328"}
,"E:\\react\\c04-typescript\\src\\actions\\types.ts": {"path":"E:\\react\\c04-typescript\\src\\actions\\types.ts","statementMap":{"0":{"start":{"line":1,"column":28},"end":{"line":1,"column":42}},"1":{"start":{"line":2,"column":30},"end":{"line":2,"column":46}},"2":{"start":{"line":3,"column":31},"end":{"line":3,"column":48}},"3":{"start":{"line":4,"column":33},"end":{"line":4,"column":52}},"4":{"start":{"line":5,"column":33},"end":{"line":5,"column":52}},"5":{"start":{"line":6,"column":35},"end":{"line":6,"column":56}},"6":{"start":{"line":7,"column":27},"end":{"line":7,"column":40}},"7":{"start":{"line":10,"column":30},"end":{"line":10,"column":46}},"8":{"start":{"line":11,"column":30},"end":{"line":11,"column":46}},"9":{"start":{"line":12,"column":31},"end":{"line":12,"column":48}},"10":{"start":{"line":14,"column":31},"end":{"line":14,"column":48}},"11":{"start":{"line":15,"column":32},"end":{"line":15,"column":50}},"12":{"start":{"line":16,"column":28},"end":{"line":16,"column":42}},"13":{"start":{"line":17,"column":32},"end":{"line":17,"column":50}},"14":{"start":{"line":18,"column":25},"end":{"line":18,"column":36}}},"fnMap":{},"branchMap":{},"s":{"0":9,"1":9,"2":9,"3":9,"4":9,"5":9,"6":9,"7":9,"8":9,"9":9,"10":9,"11":9,"12":9,"13":9,"14":9},"f":{},"b":{},"_coverageSchema":"1a1c01bbd47fc00a2c39e90264f33305004495a9","hash":"e07e82bea73a88af806d6ebe55d986188f93b8fe"}
,"E:\\react\\c04-typescript\\src\\components\\AddNoteComponent.tsx": {"path":"E:\\react\\c04-typescript\\src\\components\\AddNoteComponent.tsx","statementMap":{"0":{"start":{"line":12,"column":49},"end":{"line":29,"column":1}},"1":{"start":{"line":14,"column":25},"end":{"line":17,"column":5}},"2":{"start":{"line":15,"column":24},"end":{"line":15,"column":60}},"3":{"start":{"line":16,"column":8},"end":{"line":16,"column":31}},"4":{"start":{"line":19,"column":25},"end":{"line":22,"column":5}},"5":{"start":{"line":20,"column":8},"end":{"line":21,"column":99}},"6":{"start":{"line":21,"column":12},"end":{"line":21,"column":99}},"7":{"start":{"line":21,"column":72},"end":{"line":21,"column":80}},"8":{"start":{"line":24,"column":4},"end":{"line":28,"column":21}},"9":{"start":{"line":25,"column":72},"end":{"line":25,"column":87}},"10":{"start":{"line":26,"column":81},"end":{"line":26,"column":100}},"11":{"start":{"line":26,"column":100},"end":{"line":26,"column":110}}},"fnMap":{"0":{"name":"(anonymous_0)","decl":{"start":{"line":12,"column":49},"end":{"line":12,"column":50}},"loc":{"start":{"line":12,"column":109},"end":{"line":29,"column":1}},"line":12},"1":{"name":"(anonymous_1)","decl":{"start":{"line":14,"column":25},"end":{"line":14,"column":26}},"loc":{"start":{"line":14,"column":60},"end":{"line":17,"column":5}},"line":14},"2":{"name":"(anonymous_2)","decl":{"start":{"line":19,"column":25},"end":{"line":19,"column":26}},"loc":{"start":{"line":19,"column":29},"end":{"line":22,"column":5}},"line":19},"3":{"name":"(anonymous_3)","decl":{"start":{"line":21,"column":67},"end":{"line":21,"column":68}},"loc":{"start":{"line":21,"column":71},"end":{"line":21,"column":81}},"line":21},"4":{"name":"(anonymous_4)","decl":{"start":{"line":25,"column":69},"end":{"line":25,"column":70}},"loc":{"start":{"line":25,"column":72},"end":{"line":25,"column":87}},"line":25},"5":{"name":"(anonymous_5)","decl":{"start":{"line":26,"column":75},"end":{"line":26,"column":76}},"loc":{"start":{"line":26,"column":80},"end":{"line":26,"column":111}},"line":26}},"branchMap":{"0":{"loc":{"start":{"line":20,"column":8},"end":{"line":21,"column":99}},"type":"if","locations":[{"start":{"line":20,"column":8},"end":{"line":21,"column":99}},{"start":{"line":20,"column":8},"end":{"line":21,"column":99}}],"line":20},"1":{"loc":{"start":{"line":26,"column":114},"end":{"line":26,"column":144}},"type":"cond-expr","locations":[{"start":{"line":26,"column":123},"end":{"line":26,"column":129}},{"start":{"line":26,"column":130},"end":{"line":26,"column":144}}],"line":26}},"s":{"0":4,"1":6,"2":1,"3":1,"4":6,"5":6,"6":2,"7":1,"8":6,"9":1,"10":1,"11":1},"f":{"0":6,"1":1,"2":6,"3":1,"4":1,"5":1},"b":{"0":[2,4],"1":[2,4]},"_coverageSchema":"1a1c01bbd47fc00a2c39e90264f33305004495a9","hash":"d4efaade5acc4825a91e3e71b72f89c92ec168fe"}
,"E:\\react\\c04-typescript\\src\\components\\AddTodoComponent.tsx": {"path":"E:\\react\\c04-typescript\\src\\components\\AddTodoComponent.tsx","statementMap":{"0":{"start":{"line":8,"column":53},"end":{"line":29,"column":1}},"1":{"start":{"line":9,"column":32},"end":{"line":9,"column":52}},"2":{"start":{"line":11,"column":23},"end":{"line":13,"column":3}},"3":{"start":{"line":12,"column":4},"end":{"line":12,"column":31}},"4":{"start":{"line":15,"column":23},"end":{"line":19,"column":3}},"5":{"start":{"line":16,"column":4},"end":{"line":16,"column":23}},"6":{"start":{"line":17,"column":4},"end":{"line":17,"column":21}},"7":{"start":{"line":18,"column":4},"end":{"line":18,"column":19}},"8":{"start":{"line":21,"column":2},"end":{"line":28,"column":4}},"9":{"start":{"line":23,"column":56},"end":{"line":23,"column":71}},"10":{"start":{"line":24,"column":42},"end":{"line":24,"column":57}}},"fnMap":{"0":{"name":"(anonymous_0)","decl":{"start":{"line":8,"column":53},"end":{"line":8,"column":54}},"loc":{"start":{"line":8,"column":70},"end":{"line":29,"column":1}},"line":8},"1":{"name":"(anonymous_1)","decl":{"start":{"line":11,"column":23},"end":{"line":11,"column":24}},"loc":{"start":{"line":11,"column":61},"end":{"line":13,"column":3}},"line":11},"2":{"name":"(anonymous_2)","decl":{"start":{"line":15,"column":23},"end":{"line":15,"column":24}},"loc":{"start":{"line":15,"column":60},"end":{"line":19,"column":3}},"line":15},"3":{"name":"(anonymous_3)","decl":{"start":{"line":23,"column":51},"end":{"line":23,"column":52}},"loc":{"start":{"line":23,"column":56},"end":{"line":23,"column":71}},"line":23},"4":{"name":"(anonymous_4)","decl":{"start":{"line":24,"column":37},"end":{"line":24,"column":38}},"loc":{"start":{"line":24,"column":42},"end":{"line":24,"column":57}},"line":24}},"branchMap":{},"s":{"0":3,"1":5,"2":5,"3":1,"4":5,"5":1,"6":1,"7":1,"8":5,"9":1,"10":1},"f":{"0":5,"1":1,"2":1,"3":1,"4":1},"b":{},"_coverageSchema":"1a1c01bbd47fc00a2c39e90264f33305004495a9","hash":"db8e3ba6891241c0bbafd771d7b0dfabdf45edc1"}
,"E:\\react\\c04-typescript\\src\\components\\LoadingComponent.tsx": {"path":"E:\\react\\c04-typescript\\src\\components\\LoadingComponent.tsx","statementMap":{"0":{"start":{"line":3,"column":25},"end":{"line":7,"column":1}},"1":{"start":{"line":4,"column":4},"end":{"line":6,"column":19}}},"fnMap":{"0":{"name":"(anonymous_0)","decl":{"start":{"line":3,"column":25},"end":{"line":3,"column":26}},"loc":{"start":{"line":3,"column":29},"end":{"line":7,"column":1}},"line":3}},"branchMap":{},"s":{"0":6,"1":1},"f":{"0":1},"b":{},"_coverageSchema":"1a1c01bbd47fc00a2c39e90264f33305004495a9","hash":"a73cae4a244b653a6855186f6ad2aa414becbfe9"}
,"E:\\react\\c04-typescript\\src\\components\\NotFoundPageComponent.tsx": {"path":"E:\\react\\c04-typescript\\src\\components\\NotFoundPageComponent.tsx","statementMap":{"0":{"start":{"line":3,"column":30},"end":{"line":5,"column":1}},"1":{"start":{"line":4,"column":4},"end":{"line":4,"column":66}}},"fnMap":{"0":{"name":"(anonymous_0)","decl":{"start":{"line":3,"column":30},"end":{"line":3,"column":31}},"loc":{"start":{"line":3,"column":35},"end":{"line":5,"column":1}},"line":3}},"branchMap":{},"s":{"0":1,"1":1},"f":{"0":1},"b":{},"_coverageSchema":"1a1c01bbd47fc00a2c39e90264f33305004495a9","hash":"73107f64db6c2ec4048eb8836d79b947ba876a53"}
,"E:\\react\\c04-typescript\\src\\components\\TodoComponent.tsx": {"path":"E:\\react\\c04-typescript\\src\\components\\TodoComponent.tsx","statementMap":{"0":{"start":{"line":16,"column":8},"end":{"line":16,"column":21}},"1":{"start":{"line":17,"column":8},"end":{"line":21,"column":10}},"2":{"start":{"line":23,"column":8},"end":{"line":23,"column":47}},"3":{"start":{"line":24,"column":8},"end":{"line":24,"column":53}},"4":{"start":{"line":25,"column":8},"end":{"line":25,"column":61}},"5":{"start":{"line":31,"column":8},"end":{"line":31,"column":30}},"6":{"start":{"line":37,"column":21},"end":{"line":37,"column":85}},"7":{"start":{"line":39,"column":8},"end":{"line":41,"column":10}},"8":{"start":{"line":59,"column":25},"end":{"line":59,"column":84}},"9":{"start":{"line":59,"column":58},"end":{"line":59,"column":83}},"10":{"start":{"line":60,"column":8},"end":{"line":62,"column":10}},"11":{"start":{"line":80,"column":22},"end":{"line":80,"column":53}},"12":{"start":{"line":82,"column":26},"end":{"line":82,"column":49}},"13":{"start":{"line":84,"column":8},"end":{"line":84,"column":45}},"14":{"start":{"line":86,"column":8},"end":{"line":89,"column":34}},"15":{"start":{"line":87,"column":10},"end":{"line":87,"column":32}},"16":{"start":{"line":89,"column":10},"end":{"line":89,"column":34}},"17":{"start":{"line":92,"column":8},"end":{"line":94,"column":10}},"18":{"start":{"line":100,"column":8},"end":{"line":112,"column":14}},"19":{"start":{"line":102,"column":16},"end":{"line":105,"column":18}},"20":{"start":{"line":109,"column":16},"end":{"line":111,"column":18}},"21":{"start":{"line":119,"column":8},"end":{"line":120,"column":58}},"22":{"start":{"line":120,"column":12},"end":{"line":120,"column":58}},"23":{"start":{"line":121,"column":8},"end":{"line":121,"column":20}},"24":{"start":{"line":125,"column":8},"end":{"line":126,"column":60}},"25":{"start":{"line":126,"column":12},"end":{"line":126,"column":60}},"26":{"start":{"line":127,"column":8},"end":{"line":127,"column":20}},"27":{"start":{"line":130,"column":8},"end":{"line":139,"column":19}}},"fnMap":{"0":{"name":"(anonymous_0)","decl":{"start":{"line":15,"column":4},"end":{"line":15,"column":5}},"loc":{"start":{"line":15,"column":42},"end":{"line":26,"column":5}},"line":15},"1":{"name":"(anonymous_1)","decl":{"start":{"line":30,"column":4},"end":{"line":30,"column":5}},"loc":{"start":{"line":30,"column":23},"end":{"line":32,"column":5}},"line":30},"2":{"name":"(anonymous_2)","decl":{"start":{"line":36,"column":4},"end":{"line":36,"column":5}},"loc":{"start":{"line":36,"column":27},"end":{"line":56,"column":7}},"line":36},"3":{"name":"(anonymous_3)","decl":{"start":{"line":58,"column":4},"end":{"line":58,"column":5}},"loc":{"start":{"line":58,"column":25},"end":{"line":63,"column":5}},"line":58},"4":{"name":"(anonymous_4)","decl":{"start":{"line":59,"column":52},"end":{"line":59,"column":53}},"loc":{"start":{"line":59,"column":58},"end":{"line":59,"column":83}},"line":59},"5":{"name":"(anonymous_5)","decl":{"start":{"line":65,"column":4},"end":{"line":65,"column":5}},"loc":{"start":{"line":65,"column":32},"end":{"line":95,"column":5}},"line":65},"6":{"name":"(anonymous_6)","decl":{"start":{"line":97,"column":4},"end":{"line":97,"column":5}},"loc":{"start":{"line":97,"column":20},"end":{"line":116,"column":7}},"line":97},"7":{"name":"(anonymous_7)","decl":{"start":{"line":101,"column":18},"end":{"line":101,"column":19}},"loc":{"start":{"line":101,"column":26},"end":{"line":107,"column":13}},"line":101},"8":{"name":"(anonymous_8)","decl":{"start":{"line":108,"column":19},"end":{"line":108,"column":20}},"loc":{"start":{"line":108,"column":22},"end":{"line":112,"column":13}},"line":108},"9":{"name":"(anonymous_9)","decl":{"start":{"line":118,"column":4},"end":{"line":118,"column":5}},"loc":{"start":{"line":118,"column":26},"end":{"line":122,"column":5}},"line":118},"10":{"name":"(anonymous_10)","decl":{"start":{"line":124,"column":4},"end":{"line":124,"column":5}},"loc":{"start":{"line":124,"column":26},"end":{"line":128,"column":5}},"line":124},"11":{"name":"(anonymous_11)","decl":{"start":{"line":129,"column":4},"end":{"line":129,"column":5}},"loc":{"start":{"line":129,"column":12},"end":{"line":140,"column":5}},"line":129}},"branchMap":{"0":{"loc":{"start":{"line":59,"column":58},"end":{"line":59,"column":83}},"type":"cond-expr","locations":[{"start":{"line":59,"column":74},"end":{"line":59,"column":78}},{"start":{"line":59,"column":79},"end":{"line":59,"column":83}}],"line":59},"1":{"loc":{"start":{"line":86,"column":8},"end":{"line":89,"column":34}},"type":"if","locations":[{"start":{"line":86,"column":8},"end":{"line":89,"column":34}},{"start":{"line":86,"column":8},"end":{"line":89,"column":34}}],"line":86},"2":{"loc":{"start":{"line":119,"column":8},"end":{"line":120,"column":58}},"type":"if","locations":[{"start":{"line":119,"column":8},"end":{"line":120,"column":58}},{"start":{"line":119,"column":8},"end":{"line":120,"column":58}}],"line":119},"3":{"loc":{"start":{"line":125,"column":8},"end":{"line":126,"column":60}},"type":"if","locations":[{"start":{"line":125,"column":8},"end":{"line":126,"column":60}},{"start":{"line":125,"column":8},"end":{"line":126,"column":60}}],"line":125}},"s":{"0":3,"1":3,"2":3,"3":3,"4":3,"5":3,"6":3,"7":3,"8":1,"9":1,"10":1,"11":3,"12":3,"13":3,"14":3,"15":2,"16":1,"17":3,"18":5,"19":2,"20":3,"21":20,"22":15,"23":5,"24":20,"25":12,"26":8,"27":20},"f":{"0":3,"1":3,"2":3,"3":1,"4":1,"5":3,"6":5,"7":2,"8":3,"9":20,"10":20,"11":20},"b":{"0":[0,1],"1":[2,1],"2":[15,5],"3":[12,8]},"_coverageSchema":"1a1c01bbd47fc00a2c39e90264f33305004495a9","hash":"f9c58cced708c6b2872908a4ec995d6c6e9b1d2f"}
,"E:\\react\\c04-typescript\\src\\components\\TodoListComponent.tsx": {"path":"E:\\react\\c04-typescript\\src\\components\\TodoListComponent.tsx","statementMap":{"0":{"start":{"line":18,"column":26},"end":{"line":18,"column":28}},"1":{"start":{"line":23,"column":2},"end":{"line":26,"column":3}},"2":{"start":{"line":24,"column":21},"end":{"line":24,"column":46}},"3":{"start":{"line":25,"column":6},"end":{"line":25,"column":109}},"4":{"start":{"line":25,"column":81},"end":{"line":25,"column":106}},"5":{"start":{"line":30,"column":2},"end":{"line":31,"column":60}},"6":{"start":{"line":31,"column":6},"end":{"line":31,"column":60}},"7":{"start":{"line":35,"column":2},"end":{"line":36,"column":63}},"8":{"start":{"line":36,"column":6},"end":{"line":36,"column":63}},"9":{"start":{"line":39,"column":23},"end":{"line":39,"column":42}},"10":{"start":{"line":43,"column":6},"end":{"line":69,"column":15}},"11":{"start":{"line":45,"column":14},"end":{"line":66,"column":15}},"12":{"start":{"line":49,"column":38},"end":{"line":49,"column":67}},"13":{"start":{"line":50,"column":37},"end":{"line":50,"column":65}},"14":{"start":{"line":53,"column":38},"end":{"line":53,"column":70}},"15":{"start":{"line":60,"column":39},"end":{"line":60,"column":105}},"16":{"start":{"line":60,"column":67},"end":{"line":60,"column":105}},"17":{"start":{"line":61,"column":39},"end":{"line":61,"column":74}}},"fnMap":{"0":{"name":"(anonymous_0)","decl":{"start":{"line":20,"column":0},"end":{"line":20,"column":1}},"loc":{"start":{"line":20,"column":61},"end":{"line":27,"column":1}},"line":20},"1":{"name":"(anonymous_1)","decl":{"start":{"line":25,"column":63},"end":{"line":25,"column":64}},"loc":{"start":{"line":25,"column":79},"end":{"line":25,"column":108}},"line":25},"2":{"name":"(anonymous_2)","decl":{"start":{"line":29,"column":0},"end":{"line":29,"column":1}},"loc":{"start":{"line":29,"column":31},"end":{"line":32,"column":1}},"line":29},"3":{"name":"(anonymous_3)","decl":{"start":{"line":34,"column":0},"end":{"line":34,"column":1}},"loc":{"start":{"line":34,"column":30},"end":{"line":37,"column":1}},"line":34},"4":{"name":"(anonymous_4)","decl":{"start":{"line":38,"column":4},"end":{"line":38,"column":5}},"loc":{"start":{"line":38,"column":12},"end":{"line":70,"column":5}},"line":38},"5":{"name":"(anonymous_5)","decl":{"start":{"line":44,"column":36},"end":{"line":44,"column":37}},"loc":{"start":{"line":44,"column":51},"end":{"line":67,"column":11}},"line":44},"6":{"name":"(anonymous_6)","decl":{"start":{"line":49,"column":35},"end":{"line":49,"column":36}},"loc":{"start":{"line":49,"column":38},"end":{"line":49,"column":67}},"line":49},"7":{"name":"(anonymous_7)","decl":{"start":{"line":50,"column":34},"end":{"line":50,"column":35}},"loc":{"start":{"line":50,"column":37},"end":{"line":50,"column":65}},"line":50},"8":{"name":"(anonymous_8)","decl":{"start":{"line":53,"column":32},"end":{"line":53,"column":33}},"loc":{"start":{"line":53,"column":38},"end":{"line":53,"column":70}},"line":53},"9":{"name":"(anonymous_9)","decl":{"start":{"line":60,"column":31},"end":{"line":60,"column":32}},"loc":{"start":{"line":60,"column":38},"end":{"line":60,"column":106}},"line":60},"10":{"name":"(anonymous_10)","decl":{"start":{"line":61,"column":35},"end":{"line":61,"column":36}},"loc":{"start":{"line":61,"column":39},"end":{"line":61,"column":74}},"line":61}},"branchMap":{"0":{"loc":{"start":{"line":23,"column":2},"end":{"line":26,"column":3}},"type":"if","locations":[{"start":{"line":23,"column":2},"end":{"line":26,"column":3}},{"start":{"line":23,"column":2},"end":{"line":26,"column":3}}],"line":23},"1":{"loc":{"start":{"line":30,"column":2},"end":{"line":31,"column":60}},"type":"if","locations":[{"start":{"line":30,"column":2},"end":{"line":31,"column":60}},{"start":{"line":30,"column":2},"end":{"line":31,"column":60}}],"line":30},"2":{"loc":{"start":{"line":35,"column":2},"end":{"line":36,"column":63}},"type":"if","locations":[{"start":{"line":35,"column":2},"end":{"line":36,"column":63}},{"start":{"line":35,"column":2},"end":{"line":36,"column":63}}],"line":35},"3":{"loc":{"start":{"line":44,"column":11},"end":{"line":67,"column":12}},"type":"binary-expr","locations":[{"start":{"line":44,"column":11},"end":{"line":44,"column":19}},{"start":{"line":44,"column":23},"end":{"line":67,"column":12}}],"line":44},"4":{"loc":{"start":{"line":48,"column":56},"end":{"line":48,"column":87}},"type":"cond-expr","locations":[{"start":{"line":48,"column":72},"end":{"line":48,"column":82}},{"start":{"line":48,"column":85},"end":{"line":48,"column":87}}],"line":48},"5":{"loc":{"start":{"line":60,"column":39},"end":{"line":60,"column":105}},"type":"if","locations":[{"start":{"line":60,"column":39},"end":{"line":60,"column":105}},{"start":{"line":60,"column":39},"end":{"line":60,"column":105}}],"line":60},"6":{"loc":{"start":{"line":61,"column":61},"end":{"line":61,"column":73}},"type":"binary-expr","locations":[{"start":{"line":61,"column":61},"end":{"line":61,"column":69}},{"start":{"line":61,"column":71},"end":{"line":61,"column":73}}],"line":61}},"s":{"0":5,"1":1,"2":1,"3":1,"4":2,"5":1,"6":0,"7":1,"8":0,"9":5,"10":5,"11":5,"12":1,"13":1,"14":1,"15":0,"16":0,"17":1},"f":{"0":1,"1":2,"2":1,"3":1,"4":5,"5":5,"6":1,"7":1,"8":1,"9":0,"10":1},"b":{"0":[1,0],"1":[0,1],"2":[0,1],"3":[5,5],"4":[0,5],"5":[0,0],"6":[1,0]},"_coverageSchema":"1a1c01bbd47fc00a2c39e90264f33305004495a9","hash":"da68dfce891e331d6a317c0097244012530319e6"}
,"E:\\react\\c04-typescript\\src\\components\\HomeComponent\\HomeComponent.tsx": {"path":"E:\\react\\c04-typescript\\src\\components\\HomeComponent\\HomeComponent.tsx","statementMap":{"0":{"start":{"line":3,"column":22},"end":{"line":22,"column":1}},"1":{"start":{"line":7,"column":22},"end":{"line":16,"column":5}},"2":{"start":{"line":8,"column":8},"end":{"line":14,"column":9}},"3":{"start":{"line":9,"column":12},"end":{"line":13,"column":13}},"4":{"start":{"line":10,"column":27},"end":{"line":10,"column":52}},"5":{"start":{"line":11,"column":30},"end":{"line":11,"column":58}},"6":{"start":{"line":12,"column":16},"end":{"line":12,"column":71}},"7":{"start":{"line":15,"column":8},"end":{"line":15,"column":20}},"8":{"start":{"line":17,"column":4},"end":{"line":21,"column":12}}},"fnMap":{"0":{"name":"(anonymous_0)","decl":{"start":{"line":3,"column":22},"end":{"line":3,"column":23}},"loc":{"start":{"line":3,"column":36},"end":{"line":22,"column":1}},"line":3},"1":{"name":"(anonymous_1)","decl":{"start":{"line":7,"column":22},"end":{"line":7,"column":23}},"loc":{"start":{"line":7,"column":28},"end":{"line":16,"column":5}},"line":7}},"branchMap":{"0":{"loc":{"start":{"line":8,"column":8},"end":{"line":14,"column":9}},"type":"if","locations":[{"start":{"line":8,"column":8},"end":{"line":14,"column":9}},{"start":{"line":8,"column":8},"end":{"line":14,"column":9}}],"line":8},"1":{"loc":{"start":{"line":8,"column":11},"end":{"line":8,"column":49}},"type":"binary-expr","locations":[{"start":{"line":8,"column":11},"end":{"line":8,"column":25}},{"start":{"line":8,"column":29},"end":{"line":8,"column":49}}],"line":8},"2":{"loc":{"start":{"line":9,"column":12},"end":{"line":13,"column":13}},"type":"if","locations":[{"start":{"line":9,"column":12},"end":{"line":13,"column":13}},{"start":{"line":9,"column":12},"end":{"line":13,"column":13}}],"line":9},"3":{"loc":{"start":{"line":9,"column":15},"end":{"line":9,"column":72}},"type":"binary-expr","locations":[{"start":{"line":9,"column":15},"end":{"line":9,"column":40}},{"start":{"line":9,"column":44},"end":{"line":9,"column":72}}],"line":9}},"s":{"0":3,"1":2,"2":2,"3":1,"4":1,"5":1,"6":1,"7":1,"8":2},"f":{"0":2,"1":2},"b":{"0":[1,1],"1":[2,2],"2":[1,0],"3":[1,1]},"_coverageSchema":"1a1c01bbd47fc00a2c39e90264f33305004495a9","hash":"c605f7cc2ebdc064cd174d26c117a46681f71b60"}
,"E:\\react\\c04-typescript\\src\\components\\HomeComponent\\index.tsx": {"path":"E:\\react\\c04-typescript\\src\\components\\HomeComponent\\index.tsx","statementMap":{"0":{"start":{"line":5,"column":33},"end":{"line":10,"column":3}},"1":{"start":{"line":6,"column":6},"end":{"line":9,"column":7}}},"fnMap":{"0":{"name":"(anonymous_0)","decl":{"start":{"line":5,"column":33},"end":{"line":5,"column":34}},"loc":{"start":{"line":5,"column":47},"end":{"line":10,"column":3}},"line":5}},"branchMap":{},"s":{"0":2,"1":2},"f":{"0":2},"b":{},"_coverageSchema":"1a1c01bbd47fc00a2c39e90264f33305004495a9","hash":"aaaea813f8f09ff47cf81734a9185b2757f0c22f"}
,"E:\\react\\c04-typescript\\src\\components\\LoginFormComponent\\LoginFormComponent.tsx": {"path":"E:\\react\\c04-typescript\\src\\components\\LoginFormComponent\\LoginFormComponent.tsx","statementMap":{"0":{"start":{"line":11,"column":44},"end":{"line":78,"column":1}},"1":{"start":{"line":13,"column":30},"end":{"line":13,"column":42}},"2":{"start":{"line":14,"column":36},"end":{"line":14,"column":48}},"3":{"start":{"line":15,"column":18},"end":{"line":15,"column":30}},"4":{"start":{"line":18,"column":18},"end":{"line":33,"column":5}},"5":{"start":{"line":20,"column":8},"end":{"line":20,"column":27}},"6":{"start":{"line":21,"column":8},"end":{"line":22,"column":19}},"7":{"start":{"line":22,"column":12},"end":{"line":22,"column":19}},"8":{"start":{"line":23,"column":8},"end":{"line":23,"column":39}},"9":{"start":{"line":24,"column":21},"end":{"line":26,"column":9}},"10":{"start":{"line":27,"column":8},"end":{"line":27,"column":26}},"11":{"start":{"line":28,"column":8},"end":{"line":28,"column":31}},"12":{"start":{"line":29,"column":8},"end":{"line":29,"column":28}},"13":{"start":{"line":30,"column":8},"end":{"line":31,"column":33}},"14":{"start":{"line":31,"column":12},"end":{"line":31,"column":33}},"15":{"start":{"line":35,"column":24},"end":{"line":39,"column":5}},"16":{"start":{"line":36,"column":8},"end":{"line":38,"column":9}},"17":{"start":{"line":37,"column":12},"end":{"line":37,"column":80}},"18":{"start":{"line":41,"column":4},"end":{"line":77,"column":9}},"19":{"start":{"line":58,"column":47},"end":{"line":58,"column":71}},"20":{"start":{"line":68,"column":47},"end":{"line":68,"column":74}},"21":{"start":{"line":71,"column":88},"end":{"line":71,"column":96}}},"fnMap":{"0":{"name":"(anonymous_0)","decl":{"start":{"line":11,"column":44},"end":{"line":11,"column":45}},"loc":{"start":{"line":11,"column":53},"end":{"line":78,"column":1}},"line":11},"1":{"name":"(anonymous_1)","decl":{"start":{"line":18,"column":18},"end":{"line":18,"column":19}},"loc":{"start":{"line":18,"column":45},"end":{"line":33,"column":5}},"line":18},"2":{"name":"(anonymous_2)","decl":{"start":{"line":35,"column":24},"end":{"line":35,"column":25}},"loc":{"start":{"line":35,"column":29},"end":{"line":39,"column":5}},"line":35},"3":{"name":"(anonymous_3)","decl":{"start":{"line":58,"column":42},"end":{"line":58,"column":43}},"loc":{"start":{"line":58,"column":47},"end":{"line":58,"column":71}},"line":58},"4":{"name":"(anonymous_4)","decl":{"start":{"line":68,"column":42},"end":{"line":68,"column":43}},"loc":{"start":{"line":68,"column":47},"end":{"line":68,"column":74}},"line":68},"5":{"name":"(anonymous_5)","decl":{"start":{"line":71,"column":83},"end":{"line":71,"column":84}},"loc":{"start":{"line":71,"column":88},"end":{"line":71,"column":96}},"line":71}},"branchMap":{"0":{"loc":{"start":{"line":21,"column":8},"end":{"line":22,"column":19}},"type":"if","locations":[{"start":{"line":21,"column":8},"end":{"line":22,"column":19}},{"start":{"line":21,"column":8},"end":{"line":22,"column":19}}],"line":21},"1":{"loc":{"start":{"line":21,"column":11},"end":{"line":21,"column":56}},"type":"binary-expr","locations":[{"start":{"line":21,"column":11},"end":{"line":21,"column":30}},{"start":{"line":21,"column":34},"end":{"line":21,"column":56}}],"line":21},"2":{"loc":{"start":{"line":30,"column":8},"end":{"line":31,"column":33}},"type":"if","locations":[{"start":{"line":30,"column":8},"end":{"line":31,"column":33}},{"start":{"line":30,"column":8},"end":{"line":31,"column":33}}],"line":30},"3":{"loc":{"start":{"line":36,"column":8},"end":{"line":38,"column":9}},"type":"if","locations":[{"start":{"line":36,"column":8},"end":{"line":38,"column":9}},{"start":{"line":36,"column":8},"end":{"line":38,"column":9}}],"line":36},"4":{"loc":{"start":{"line":45,"column":9},"end":{"line":76,"column":15}},"type":"cond-expr","locations":[{"start":{"line":45,"column":27},"end":{"line":45,"column":46}},{"start":{"line":46,"column":9},"end":{"line":76,"column":14}}],"line":45}},"s":{"0":3,"1":11,"2":11,"3":11,"4":11,"5":3,"6":3,"7":2,"8":1,"9":1,"10":1,"11":1,"12":1,"13":1,"14":1,"15":11,"16":11,"17":4,"18":11,"19":3,"20":3,"21":3},"f":{"0":11,"1":3,"2":11,"3":3,"4":3,"5":3},"b":{"0":[2,1],"1":[3,3],"2":[1,0],"3":[4,7],"4":[1,10]},"_coverageSchema":"1a1c01bbd47fc00a2c39e90264f33305004495a9","hash":"11de04d40d3f159ec3dbbf8632729c15f2d368c4"}
,"E:\\react\\c04-typescript\\src\\components\\LoginFormComponent\\index.tsx": {"path":"E:\\react\\c04-typescript\\src\\components\\LoginFormComponent\\index.tsx","statementMap":{"0":{"start":{"line":5,"column":31},"end":{"line":10,"column":1}},"1":{"start":{"line":6,"column":4},"end":{"line":9,"column":5}},"2":{"start":{"line":12,"column":34},"end":{"line":17,"column":1}},"3":{"start":{"line":14,"column":2},"end":{"line":16,"column":4}},"4":{"start":{"line":15,"column":31},"end":{"line":15,"column":56}}},"fnMap":{"0":{"name":"(anonymous_0)","decl":{"start":{"line":5,"column":31},"end":{"line":5,"column":32}},"loc":{"start":{"line":5,"column":45},"end":{"line":10,"column":1}},"line":5},"1":{"name":"(anonymous_1)","decl":{"start":{"line":12,"column":34},"end":{"line":12,"column":35}},"loc":{"start":{"line":12,"column":59},"end":{"line":17,"column":1}},"line":12},"2":{"name":"(anonymous_2)","decl":{"start":{"line":15,"column":11},"end":{"line":15,"column":12}},"loc":{"start":{"line":15,"column":31},"end":{"line":15,"column":56}},"line":15}},"branchMap":{},"s":{"0":2,"1":2,"2":2,"3":1,"4":1},"f":{"0":2,"1":1,"2":1},"b":{},"_coverageSchema":"1a1c01bbd47fc00a2c39e90264f33305004495a9","hash":"2d87e015518f4ee26835a779cddb7425bea34263"}
,"E:\\react\\c04-typescript\\src\\components\\MenuComponent\\MenuComponent.tsx": {"path":"E:\\react\\c04-typescript\\src\\components\\MenuComponent\\MenuComponent.tsx","statementMap":{"0":{"start":{"line":12,"column":52},"end":{"line":44,"column":1}},"1":{"start":{"line":14,"column":4},"end":{"line":43,"column":11}},"2":{"start":{"line":34,"column":77},"end":{"line":34,"column":91}}},"fnMap":{"0":{"name":"(anonymous_0)","decl":{"start":{"line":12,"column":52},"end":{"line":12,"column":53}},"loc":{"start":{"line":12,"column":61},"end":{"line":44,"column":1}},"line":12},"1":{"name":"(anonymous_1)","decl":{"start":{"line":34,"column":73},"end":{"line":34,"column":74}},"loc":{"start":{"line":34,"column":77},"end":{"line":34,"column":91}},"line":34}},"branchMap":{"0":{"loc":{"start":{"line":32,"column":17},"end":{"line":40,"column":21}},"type":"cond-expr","locations":[{"start":{"line":33,"column":25},"end":{"line":35,"column":27}},{"start":{"line":36,"column":22},"end":{"line":39,"column":23}}],"line":32}},"s":{"0":3,"1":2,"2":1},"f":{"0":2,"1":1},"b":{"0":[1,1]},"_coverageSchema":"1a1c01bbd47fc00a2c39e90264f33305004495a9","hash":"41f743b9241887d695d12eba2367c60517ca7f0a"}
,"E:\\react\\c04-typescript\\src\\components\\MenuComponent\\index.tsx": {"path":"E:\\react\\c04-typescript\\src\\components\\MenuComponent\\index.tsx","statementMap":{"0":{"start":{"line":5,"column":31},"end":{"line":10,"column":1}},"1":{"start":{"line":6,"column":4},"end":{"line":9,"column":5}},"2":{"start":{"line":12,"column":34},"end":{"line":17,"column":1}},"3":{"start":{"line":14,"column":2},"end":{"line":16,"column":4}},"4":{"start":{"line":15,"column":18},"end":{"line":15,"column":36}}},"fnMap":{"0":{"name":"(anonymous_0)","decl":{"start":{"line":5,"column":31},"end":{"line":5,"column":32}},"loc":{"start":{"line":5,"column":45},"end":{"line":10,"column":1}},"line":5},"1":{"name":"(anonymous_1)","decl":{"start":{"line":12,"column":34},"end":{"line":12,"column":35}},"loc":{"start":{"line":12,"column":59},"end":{"line":17,"column":1}},"line":12},"2":{"name":"(anonymous_2)","decl":{"start":{"line":15,"column":12},"end":{"line":15,"column":13}},"loc":{"start":{"line":15,"column":18},"end":{"line":15,"column":36}},"line":15}},"branchMap":{},"s":{"0":2,"1":2,"2":2,"3":1,"4":1},"f":{"0":2,"1":1,"2":1},"b":{},"_coverageSchema":"1a1c01bbd47fc00a2c39e90264f33305004495a9","hash":"395d742d7f1c50ca02d15c99e1f17455c5974504"}
,"E:\\react\\c04-typescript\\src\\components\\NoteListComponent\\NoteListComponent.tsx": {"path":"E:\\react\\c04-typescript\\src\\components\\NoteListComponent\\NoteListComponent.tsx","statementMap":{"0":{"start":{"line":31,"column":8},"end":{"line":31,"column":21}},"1":{"start":{"line":32,"column":8},"end":{"line":36,"column":10}},"2":{"start":{"line":37,"column":8},"end":{"line":37,"column":51}},"3":{"start":{"line":38,"column":8},"end":{"line":38,"column":59}},"4":{"start":{"line":39,"column":8},"end":{"line":39,"column":49}},"5":{"start":{"line":40,"column":8},"end":{"line":40,"column":45}},"6":{"start":{"line":44,"column":21},"end":{"line":50,"column":5}},"7":{"start":{"line":45,"column":8},"end":{"line":49,"column":9}},"8":{"start":{"line":53,"column":8},"end":{"line":53,"column":29}},"9":{"start":{"line":58,"column":22},"end":{"line":58,"column":70}},"10":{"start":{"line":58,"column":54},"end":{"line":58,"column":69}},"11":{"start":{"line":59,"column":8},"end":{"line":64,"column":9}},"12":{"start":{"line":60,"column":12},"end":{"line":63,"column":14}},"13":{"start":{"line":69,"column":8},"end":{"line":70,"column":19}},"14":{"start":{"line":70,"column":12},"end":{"line":70,"column":19}},"15":{"start":{"line":71,"column":8},"end":{"line":79,"column":9}},"16":{"start":{"line":72,"column":12},"end":{"line":72,"column":60}},"17":{"start":{"line":73,"column":12},"end":{"line":75,"column":14}},"18":{"start":{"line":78,"column":12},"end":{"line":78,"column":62}},"19":{"start":{"line":80,"column":8},"end":{"line":82,"column":11}},"20":{"start":{"line":86,"column":8},"end":{"line":86,"column":36}},"21":{"start":{"line":91,"column":8},"end":{"line":94,"column":11}},"22":{"start":{"line":98,"column":8},"end":{"line":100,"column":9}},"23":{"start":{"line":99,"column":12},"end":{"line":99,"column":88}},"24":{"start":{"line":101,"column":8},"end":{"line":101,"column":20}},"25":{"start":{"line":105,"column":8},"end":{"line":106,"column":47}},"26":{"start":{"line":106,"column":12},"end":{"line":106,"column":47}},"27":{"start":{"line":111,"column":8},"end":{"line":114,"column":40}},"28":{"start":{"line":112,"column":12},"end":{"line":112,"column":38}},"29":{"start":{"line":114,"column":12},"end":{"line":114,"column":40}},"30":{"start":{"line":118,"column":40},"end":{"line":118,"column":46}},"31":{"start":{"line":121,"column":8},"end":{"line":123,"column":9}},"32":{"start":{"line":122,"column":12},"end":{"line":122,"column":19}},"33":{"start":{"line":125,"column":8},"end":{"line":148,"column":9}},"34":{"start":{"line":126,"column":33},"end":{"line":130,"column":13}},"35":{"start":{"line":132,"column":12},"end":{"line":136,"column":13}},"36":{"start":{"line":133,"column":16},"end":{"line":133,"column":53}},"37":{"start":{"line":135,"column":16},"end":{"line":135,"column":51}},"38":{"start":{"line":139,"column":27},"end":{"line":144,"column":13}},"39":{"start":{"line":146,"column":12},"end":{"line":146,"column":51}},"40":{"start":{"line":147,"column":12},"end":{"line":147,"column":54}},"41":{"start":{"line":152,"column":8},"end":{"line":189,"column":16}},"42":{"start":{"line":155,"column":38},"end":{"line":187,"column":15}},"43":{"start":{"line":162,"column":24},"end":{"line":183,"column":36}},"44":{"start":{"line":168,"column":32},"end":{"line":180,"column":38}},"45":{"start":{"line":178,"column":96},"end":{"line":178,"column":119}},"46":{"start":{"line":179,"column":98},"end":{"line":179,"column":119}},"47":{"start":{"line":193,"column":8},"end":{"line":226,"column":16}},"48":{"start":{"line":197,"column":20},"end":{"line":223,"column":26}},"49":{"start":{"line":203,"column":28},"end":{"line":220,"column":40}},"50":{"start":{"line":208,"column":36},"end":{"line":218,"column":42}},"51":{"start":{"line":217,"column":102},"end":{"line":217,"column":123}},"52":{"start":{"line":230,"column":8},"end":{"line":232,"column":10}},"53":{"start":{"line":237,"column":8},"end":{"line":252,"column":16}},"54":{"start":{"line":257,"column":8},"end":{"line":257,"column":91}}},"fnMap":{"0":{"name":"(anonymous_0)","decl":{"start":{"line":30,"column":4},"end":{"line":30,"column":5}},"loc":{"start":{"line":30,"column":46},"end":{"line":41,"column":5}},"line":30},"1":{"name":"(anonymous_1)","decl":{"start":{"line":44,"column":21},"end":{"line":44,"column":22}},"loc":{"start":{"line":44,"column":26},"end":{"line":50,"column":5}},"line":44},"2":{"name":"(anonymous_2)","decl":{"start":{"line":52,"column":4},"end":{"line":52,"column":5}},"loc":{"start":{"line":52,"column":23},"end":{"line":54,"column":5}},"line":52},"3":{"name":"(anonymous_3)","decl":{"start":{"line":57,"column":4},"end":{"line":57,"column":5}},"loc":{"start":{"line":57,"column":23},"end":{"line":66,"column":5}},"line":57},"4":{"name":"(anonymous_4)","decl":{"start":{"line":58,"column":46},"end":{"line":58,"column":47}},"loc":{"start":{"line":58,"column":54},"end":{"line":58,"column":69}},"line":58},"5":{"name":"(anonymous_5)","decl":{"start":{"line":68,"column":4},"end":{"line":68,"column":5}},"loc":{"start":{"line":68,"column":14},"end":{"line":83,"column":5}},"line":68},"6":{"name":"(anonymous_6)","decl":{"start":{"line":85,"column":4},"end":{"line":85,"column":5}},"loc":{"start":{"line":85,"column":26},"end":{"line":87,"column":5}},"line":85},"7":{"name":"(anonymous_7)","decl":{"start":{"line":90,"column":4},"end":{"line":90,"column":5}},"loc":{"start":{"line":90,"column":12},"end":{"line":95,"column":5}},"line":90},"8":{"name":"(anonymous_8)","decl":{"start":{"line":97,"column":4},"end":{"line":97,"column":5}},"loc":{"start":{"line":97,"column":27},"end":{"line":102,"column":5}},"line":97},"9":{"name":"(anonymous_9)","decl":{"start":{"line":104,"column":4},"end":{"line":104,"column":5}},"loc":{"start":{"line":104,"column":36},"end":{"line":107,"column":5}},"line":104},"10":{"name":"(anonymous_10)","decl":{"start":{"line":110,"column":4},"end":{"line":110,"column":5}},"loc":{"start":{"line":110,"column":32},"end":{"line":115,"column":5}},"line":110},"11":{"name":"(anonymous_11)","decl":{"start":{"line":117,"column":4},"end":{"line":117,"column":5}},"loc":{"start":{"line":117,"column":32},"end":{"line":149,"column":5}},"line":117},"12":{"name":"(anonymous_12)","decl":{"start":{"line":151,"column":4},"end":{"line":151,"column":5}},"loc":{"start":{"line":151,"column":19},"end":{"line":190,"column":5}},"line":151},"13":{"name":"(anonymous_13)","decl":{"start":{"line":155,"column":13},"end":{"line":155,"column":14}},"loc":{"start":{"line":155,"column":38},"end":{"line":187,"column":15}},"line":155},"14":{"name":"(anonymous_14)","decl":{"start":{"line":161,"column":44},"end":{"line":161,"column":45}},"loc":{"start":{"line":162,"column":24},"end":{"line":183,"column":36}},"line":162},"15":{"name":"(anonymous_15)","decl":{"start":{"line":166,"column":29},"end":{"line":166,"column":30}},"loc":{"start":{"line":168,"column":32},"end":{"line":180,"column":38}},"line":168},"16":{"name":"(anonymous_16)","decl":{"start":{"line":178,"column":92},"end":{"line":178,"column":93}},"loc":{"start":{"line":178,"column":96},"end":{"line":178,"column":119}},"line":178},"17":{"name":"(anonymous_17)","decl":{"start":{"line":179,"column":94},"end":{"line":179,"column":95}},"loc":{"start":{"line":179,"column":98},"end":{"line":179,"column":119}},"line":179},"18":{"name":"(anonymous_18)","decl":{"start":{"line":192,"column":4},"end":{"line":192,"column":5}},"loc":{"start":{"line":192,"column":23},"end":{"line":227,"column":5}},"line":192},"19":{"name":"(anonymous_19)","decl":{"start":{"line":196,"column":17},"end":{"line":196,"column":18}},"loc":{"start":{"line":197,"column":20},"end":{"line":223,"column":26}},"line":197},"20":{"name":"(anonymous_20)","decl":{"start":{"line":202,"column":50},"end":{"line":202,"column":51}},"loc":{"start":{"line":203,"column":28},"end":{"line":220,"column":40}},"line":203},"21":{"name":"(anonymous_21)","decl":{"start":{"line":207,"column":33},"end":{"line":207,"column":34}},"loc":{"start":{"line":208,"column":36},"end":{"line":218,"column":42}},"line":208},"22":{"name":"(anonymous_22)","decl":{"start":{"line":217,"column":98},"end":{"line":217,"column":99}},"loc":{"start":{"line":217,"column":102},"end":{"line":217,"column":123}},"line":217},"23":{"name":"(anonymous_23)","decl":{"start":{"line":229,"column":4},"end":{"line":229,"column":5}},"loc":{"start":{"line":229,"column":36},"end":{"line":233,"column":5}},"line":229},"24":{"name":"(anonymous_24)","decl":{"start":{"line":235,"column":4},"end":{"line":235,"column":5}},"loc":{"start":{"line":235,"column":22},"end":{"line":253,"column":5}},"line":235},"25":{"name":"(anonymous_25)","decl":{"start":{"line":254,"column":4},"end":{"line":254,"column":5}},"loc":{"start":{"line":254,"column":12},"end":{"line":258,"column":5}},"line":254}},"branchMap":{"0":{"loc":{"start":{"line":59,"column":8},"end":{"line":64,"column":9}},"type":"if","locations":[{"start":{"line":59,"column":8},"end":{"line":64,"column":9}},{"start":{"line":59,"column":8},"end":{"line":64,"column":9}}],"line":59},"1":{"loc":{"start":{"line":69,"column":8},"end":{"line":70,"column":19}},"type":"if","locations":[{"start":{"line":69,"column":8},"end":{"line":70,"column":19}},{"start":{"line":69,"column":8},"end":{"line":70,"column":19}}],"line":69},"2":{"loc":{"start":{"line":71,"column":8},"end":{"line":79,"column":9}},"type":"if","locations":[{"start":{"line":71,"column":8},"end":{"line":79,"column":9}},{"start":{"line":71,"column":8},"end":{"line":79,"column":9}}],"line":71},"3":{"loc":{"start":{"line":98,"column":8},"end":{"line":100,"column":9}},"type":"if","locations":[{"start":{"line":98,"column":8},"end":{"line":100,"column":9}},{"start":{"line":98,"column":8},"end":{"line":100,"column":9}}],"line":98},"4":{"loc":{"start":{"line":105,"column":8},"end":{"line":106,"column":47}},"type":"if","locations":[{"start":{"line":105,"column":8},"end":{"line":106,"column":47}},{"start":{"line":105,"column":8},"end":{"line":106,"column":47}}],"line":105},"5":{"loc":{"start":{"line":111,"column":8},"end":{"line":114,"column":40}},"type":"if","locations":[{"start":{"line":111,"column":8},"end":{"line":114,"column":40}},{"start":{"line":111,"column":8},"end":{"line":114,"column":40}}],"line":111},"6":{"loc":{"start":{"line":121,"column":8},"end":{"line":123,"column":9}},"type":"if","locations":[{"start":{"line":121,"column":8},"end":{"line":123,"column":9}},{"start":{"line":121,"column":8},"end":{"line":123,"column":9}}],"line":121},"7":{"loc":{"start":{"line":125,"column":8},"end":{"line":148,"column":9}},"type":"if","locations":[{"start":{"line":125,"column":8},"end":{"line":148,"column":9}},{"start":{"line":125,"column":8},"end":{"line":148,"column":9}}],"line":125},"8":{"loc":{"start":{"line":132,"column":12},"end":{"line":136,"column":13}},"type":"if","locations":[{"start":{"line":132,"column":12},"end":{"line":136,"column":13}},{"start":{"line":132,"column":12},"end":{"line":136,"column":13}}],"line":132},"9":{"loc":{"start":{"line":257,"column":18},"end":{"line":257,"column":86}},"type":"cond-expr","locations":[{"start":{"line":257,"column":44},"end":{"line":257,"column":63}},{"start":{"line":257,"column":64},"end":{"line":257,"column":86}}],"line":257}},"s":{"0":10,"1":10,"2":10,"3":10,"4":10,"5":10,"6":10,"7":15,"8":10,"9":1,"10":1,"11":1,"12":1,"13":3,"14":1,"15":2,"16":1,"17":1,"18":1,"19":2,"20":1,"21":1,"22":18,"23":1,"24":17,"25":2,"26":2,"27":2,"28":1,"29":1,"30":0,"31":0,"32":0,"33":0,"34":0,"35":0,"36":0,"37":0,"38":0,"39":0,"40":0,"41":18,"42":1,"43":0,"44":0,"45":0,"46":0,"47":18,"48":1,"49":0,"50":0,"51":0,"52":1,"53":18,"54":19},"f":{"0":10,"1":15,"2":10,"3":1,"4":1,"5":3,"6":1,"7":1,"8":18,"9":2,"10":2,"11":0,"12":18,"13":1,"14":0,"15":0,"16":0,"17":0,"18":18,"19":1,"20":0,"21":0,"22":0,"23":1,"24":18,"25":19},"b":{"0":[1,0],"1":[1,2],"2":[1,1],"3":[1,17],"4":[2,0],"5":[1,1],"6":[0,0],"7":[0,0],"8":[0,0],"9":[1,18]},"_coverageSchema":"1a1c01bbd47fc00a2c39e90264f33305004495a9","hash":"fc482a6f0b6ebfc95c5ecf03c78a119338a4970e"}
,"E:\\react\\c04-typescript\\src\\components\\NoteListComponent\\index.tsx": {"path":"E:\\react\\c04-typescript\\src\\components\\NoteListComponent\\index.tsx","statementMap":{"0":{"start":{"line":9,"column":31},"end":{"line":16,"column":3}},"1":{"start":{"line":10,"column":6},"end":{"line":15,"column":7}},"2":{"start":{"line":18,"column":34},"end":{"line":28,"column":1}},"3":{"start":{"line":20,"column":4},"end":{"line":27,"column":6}},"4":{"start":{"line":21,"column":22},"end":{"line":21,"column":42}},"5":{"start":{"line":22,"column":43},"end":{"line":22,"column":90}},"6":{"start":{"line":23,"column":45},"end":{"line":23,"column":94}},"7":{"start":{"line":24,"column":45},"end":{"line":24,"column":97}},"8":{"start":{"line":25,"column":47},"end":{"line":25,"column":101}},"9":{"start":{"line":26,"column":34},"end":{"line":26,"column":73}}},"fnMap":{"0":{"name":"(anonymous_0)","decl":{"start":{"line":9,"column":31},"end":{"line":9,"column":32}},"loc":{"start":{"line":9,"column":45},"end":{"line":16,"column":3}},"line":9},"1":{"name":"(anonymous_1)","decl":{"start":{"line":18,"column":34},"end":{"line":18,"column":35}},"loc":{"start":{"line":18,"column":59},"end":{"line":28,"column":1}},"line":18},"2":{"name":"(anonymous_2)","decl":{"start":{"line":21,"column":16},"end":{"line":21,"column":17}},"loc":{"start":{"line":21,"column":22},"end":{"line":21,"column":42}},"line":21},"3":{"name":"(anonymous_3)","decl":{"start":{"line":22,"column":18},"end":{"line":22,"column":19}},"loc":{"start":{"line":22,"column":43},"end":{"line":22,"column":90}},"line":22},"4":{"name":"(anonymous_4)","decl":{"start":{"line":23,"column":20},"end":{"line":23,"column":21}},"loc":{"start":{"line":23,"column":45},"end":{"line":23,"column":94}},"line":23},"5":{"name":"(anonymous_5)","decl":{"start":{"line":24,"column":22},"end":{"line":24,"column":23}},"loc":{"start":{"line":24,"column":45},"end":{"line":24,"column":97}},"line":24},"6":{"name":"(anonymous_6)","decl":{"start":{"line":25,"column":24},"end":{"line":25,"column":25}},"loc":{"start":{"line":25,"column":47},"end":{"line":25,"column":101}},"line":25},"7":{"name":"(anonymous_7)","decl":{"start":{"line":26,"column":18},"end":{"line":26,"column":19}},"loc":{"start":{"line":26,"column":34},"end":{"line":26,"column":73}},"line":26}},"branchMap":{},"s":{"0":2,"1":4,"2":2,"3":6,"4":1,"5":1,"6":1,"7":1,"8":1,"9":1},"f":{"0":4,"1":6,"2":1,"3":1,"4":1,"5":1,"6":1,"7":1},"b":{},"_coverageSchema":"1a1c01bbd47fc00a2c39e90264f33305004495a9","hash":"ef2334cedf6624f3fb31dc62cc57c8d59b5506df"}
,"E:\\react\\c04-typescript\\src\\components\\NoteListComponent\\noteListUtility.tsx": {"path":"E:\\react\\c04-typescript\\src\\components\\NoteListComponent\\noteListUtility.tsx","statementMap":{"0":{"start":{"line":2,"column":23},"end":{"line":8,"column":1}},"1":{"start":{"line":3,"column":19},"end":{"line":3,"column":35}},"2":{"start":{"line":4,"column":22},"end":{"line":4,"column":50}},"3":{"start":{"line":5,"column":4},"end":{"line":5,"column":40}},"4":{"start":{"line":7,"column":4},"end":{"line":7,"column":18}},"5":{"start":{"line":13,"column":20},"end":{"line":32,"column":1}},"6":{"start":{"line":18,"column":24},"end":{"line":18,"column":42}},"7":{"start":{"line":19,"column":22},"end":{"line":19,"column":45}},"8":{"start":{"line":20,"column":22},"end":{"line":20,"column":66}},"9":{"start":{"line":21,"column":4},"end":{"line":21,"column":41}},"10":{"start":{"line":22,"column":4},"end":{"line":22,"column":61}},"11":{"start":{"line":24,"column":15},"end":{"line":24,"column":19}},"12":{"start":{"line":25,"column":4},"end":{"line":29,"column":5}},"13":{"start":{"line":26,"column":8},"end":{"line":26,"column":64}},"14":{"start":{"line":28,"column":8},"end":{"line":28,"column":64}},"15":{"start":{"line":31,"column":4},"end":{"line":31,"column":16}},"16":{"start":{"line":34,"column":13},"end":{"line":34,"column":14}},"17":{"start":{"line":36,"column":28},"end":{"line":47,"column":2}},"18":{"start":{"line":36,"column":73},"end":{"line":47,"column":1}},"19":{"start":{"line":49,"column":32},"end":{"line":62,"column":2}},"20":{"start":{"line":49,"column":77},"end":{"line":62,"column":1}},"21":{"start":{"line":64,"column":28},"end":{"line":68,"column":2}},"22":{"start":{"line":64,"column":56},"end":{"line":68,"column":1}},"23":{"start":{"line":69,"column":32},"end":{"line":73,"column":2}},"24":{"start":{"line":69,"column":60},"end":{"line":73,"column":1}}},"fnMap":{"0":{"name":"(anonymous_0)","decl":{"start":{"line":2,"column":23},"end":{"line":2,"column":24}},"loc":{"start":{"line":2,"column":77},"end":{"line":8,"column":1}},"line":2},"1":{"name":"(anonymous_1)","decl":{"start":{"line":13,"column":20},"end":{"line":13,"column":21}},"loc":{"start":{"line":17,"column":37},"end":{"line":32,"column":1}},"line":17},"2":{"name":"(anonymous_2)","decl":{"start":{"line":36,"column":28},"end":{"line":36,"column":29}},"loc":{"start":{"line":36,"column":73},"end":{"line":47,"column":1}},"line":36},"3":{"name":"(anonymous_3)","decl":{"start":{"line":49,"column":32},"end":{"line":49,"column":33}},"loc":{"start":{"line":49,"column":77},"end":{"line":62,"column":1}},"line":49},"4":{"name":"(anonymous_4)","decl":{"start":{"line":64,"column":28},"end":{"line":64,"column":29}},"loc":{"start":{"line":64,"column":56},"end":{"line":68,"column":1}},"line":64},"5":{"name":"(anonymous_5)","decl":{"start":{"line":69,"column":32},"end":{"line":69,"column":33}},"loc":{"start":{"line":69,"column":60},"end":{"line":73,"column":1}},"line":69}},"branchMap":{"0":{"loc":{"start":{"line":25,"column":4},"end":{"line":29,"column":5}},"type":"if","locations":[{"start":{"line":25,"column":4},"end":{"line":29,"column":5}},{"start":{"line":25,"column":4},"end":{"line":29,"column":5}}],"line":25},"1":{"loc":{"start":{"line":43,"column":16},"end":{"line":43,"column":50}},"type":"cond-expr","locations":[{"start":{"line":43,"column":29},"end":{"line":43,"column":38}},{"start":{"line":43,"column":41},"end":{"line":43,"column":50}}],"line":43},"2":{"loc":{"start":{"line":57,"column":16},"end":{"line":57,"column":50}},"type":"cond-expr","locations":[{"start":{"line":57,"column":29},"end":{"line":57,"column":38}},{"start":{"line":57,"column":41},"end":{"line":57,"column":50}}],"line":57},"3":{"loc":{"start":{"line":65,"column":16},"end":{"line":65,"column":54}},"type":"cond-expr","locations":[{"start":{"line":65,"column":33},"end":{"line":65,"column":42}},{"start":{"line":65,"column":45},"end":{"line":65,"column":54}}],"line":65},"4":{"loc":{"start":{"line":70,"column":16},"end":{"line":70,"column":56}},"type":"cond-expr","locations":[{"start":{"line":70,"column":33},"end":{"line":70,"column":44}},{"start":{"line":70,"column":47},"end":{"line":70,"column":56}}],"line":70}},"s":{"0":4,"1":1,"2":1,"3":1,"4":1,"5":4,"6":2,"7":2,"8":2,"9":2,"10":2,"11":2,"12":2,"13":1,"14":1,"15":2,"16":4,"17":4,"18":2,"19":4,"20":2,"21":4,"22":3,"23":4,"24":3},"f":{"0":1,"1":2,"2":2,"3":2,"4":3,"5":3},"b":{"0":[1,1],"1":[1,1],"2":[1,1],"3":[1,2],"4":[1,2]},"_coverageSchema":"1a1c01bbd47fc00a2c39e90264f33305004495a9","hash":"8da552481c91a09b301d6c095956881d67331911"}
,"E:\\react\\c04-typescript\\src\\components\\RegisterFormComponent\\RegisterFormComponent.tsx": {"path":"E:\\react\\c04-typescript\\src\\components\\RegisterFormComponent\\RegisterFormComponent.tsx","statementMap":{"0":{"start":{"line":11,"column":68},"end":{"line":308,"column":1}},"1":{"start":{"line":14,"column":22},"end":{"line":19,"column":5}},"2":{"start":{"line":20,"column":36},"end":{"line":20,"column":55}},"3":{"start":{"line":21,"column":30},"end":{"line":21,"column":49}},"4":{"start":{"line":22,"column":38},"end":{"line":22,"column":57}},"5":{"start":{"line":23,"column":38},"end":{"line":23,"column":57}},"6":{"start":{"line":30,"column":29},"end":{"line":46,"column":5}},"7":{"start":{"line":31,"column":20},"end":{"line":31,"column":22}},"8":{"start":{"line":32,"column":8},"end":{"line":35,"column":60}},"9":{"start":{"line":33,"column":12},"end":{"line":33,"column":58}},"10":{"start":{"line":34,"column":13},"end":{"line":35,"column":60}},"11":{"start":{"line":35,"column":12},"end":{"line":35,"column":60}},"12":{"start":{"line":37,"column":26},"end":{"line":37,"column":31}},"13":{"start":{"line":38,"column":8},"end":{"line":43,"column":9}},"14":{"start":{"line":39,"column":12},"end":{"line":39,"column":51}},"15":{"start":{"line":41,"column":12},"end":{"line":41,"column":54}},"16":{"start":{"line":42,"column":12},"end":{"line":42,"column":29}},"17":{"start":{"line":45,"column":8},"end":{"line":45,"column":99}},"18":{"start":{"line":48,"column":35},"end":{"line":65,"column":5}},"19":{"start":{"line":50,"column":20},"end":{"line":50,"column":22}},"20":{"start":{"line":51,"column":8},"end":{"line":52,"column":50}},"21":{"start":{"line":52,"column":12},"end":{"line":52,"column":50}},"22":{"start":{"line":53,"column":8},"end":{"line":54,"column":46}},"23":{"start":{"line":54,"column":12},"end":{"line":54,"column":46}},"24":{"start":{"line":56,"column":26},"end":{"line":56,"column":31}},"25":{"start":{"line":57,"column":8},"end":{"line":62,"column":9}},"26":{"start":{"line":58,"column":12},"end":{"line":58,"column":52}},"27":{"start":{"line":60,"column":12},"end":{"line":60,"column":55}},"28":{"start":{"line":61,"column":12},"end":{"line":61,"column":29}},"29":{"start":{"line":64,"column":8},"end":{"line":64,"column":102}},"30":{"start":{"line":68,"column":26},"end":{"line":82,"column":5}},"31":{"start":{"line":69,"column":20},"end":{"line":69,"column":22}},"32":{"start":{"line":70,"column":8},"end":{"line":71,"column":46}},"33":{"start":{"line":71,"column":12},"end":{"line":71,"column":46}},"34":{"start":{"line":73,"column":26},"end":{"line":73,"column":31}},"35":{"start":{"line":74,"column":8},"end":{"line":79,"column":9}},"36":{"start":{"line":75,"column":12},"end":{"line":75,"column":48}},"37":{"start":{"line":77,"column":12},"end":{"line":77,"column":51}},"38":{"start":{"line":78,"column":12},"end":{"line":78,"column":29}},"39":{"start":{"line":80,"column":8},"end":{"line":80,"column":90}},"40":{"start":{"line":84,"column":29},"end":{"line":98,"column":5}},"41":{"start":{"line":85,"column":20},"end":{"line":85,"column":22}},"42":{"start":{"line":86,"column":8},"end":{"line":87,"column":56}},"43":{"start":{"line":87,"column":12},"end":{"line":87,"column":56}},"44":{"start":{"line":89,"column":26},"end":{"line":89,"column":31}},"45":{"start":{"line":90,"column":8},"end":{"line":95,"column":9}},"46":{"start":{"line":91,"column":12},"end":{"line":91,"column":52}},"47":{"start":{"line":93,"column":12},"end":{"line":93,"column":55}},"48":{"start":{"line":94,"column":12},"end":{"line":94,"column":29}},"49":{"start":{"line":96,"column":8},"end":{"line":96,"column":102}},"50":{"start":{"line":100,"column":22},"end":{"line":138,"column":5}},"51":{"start":{"line":102,"column":21},"end":{"line":106,"column":9}},"52":{"start":{"line":109,"column":8},"end":{"line":118,"column":10}},"53":{"start":{"line":111,"column":12},"end":{"line":114,"column":16}},"54":{"start":{"line":151,"column":27},"end":{"line":169,"column":5}},"55":{"start":{"line":153,"column":20},"end":{"line":153,"column":28}},"56":{"start":{"line":154,"column":8},"end":{"line":168,"column":9}},"57":{"start":{"line":156,"column":16},"end":{"line":156,"column":40}},"58":{"start":{"line":157,"column":16},"end":{"line":157,"column":22}},"59":{"start":{"line":159,"column":16},"end":{"line":159,"column":37}},"60":{"start":{"line":160,"column":16},"end":{"line":160,"column":22}},"61":{"start":{"line":162,"column":16},"end":{"line":162,"column":40}},"62":{"start":{"line":163,"column":16},"end":{"line":163,"column":22}},"63":{"start":{"line":165,"column":16},"end":{"line":165,"column":46}},"64":{"start":{"line":166,"column":16},"end":{"line":166,"column":22}},"65":{"start":{"line":171,"column":19},"end":{"line":206,"column":5}},"66":{"start":{"line":173,"column":18},"end":{"line":173,"column":20}},"67":{"start":{"line":174,"column":20},"end":{"line":174,"column":28}},"68":{"start":{"line":175,"column":8},"end":{"line":205,"column":9}},"69":{"start":{"line":177,"column":16},"end":{"line":180,"column":38}},"70":{"start":{"line":178,"column":20},"end":{"line":178,"column":51}},"71":{"start":{"line":180,"column":20},"end":{"line":180,"column":38}},"72":{"start":{"line":181,"column":16},"end":{"line":181,"column":61}},"73":{"start":{"line":182,"column":16},"end":{"line":182,"column":22}},"74":{"start":{"line":184,"column":16},"end":{"line":187,"column":35}},"75":{"start":{"line":185,"column":20},"end":{"line":185,"column":51}},"76":{"start":{"line":187,"column":20},"end":{"line":187,"column":35}},"77":{"start":{"line":188,"column":16},"end":{"line":188,"column":55}},"78":{"start":{"line":189,"column":16},"end":{"line":189,"column":22}},"79":{"start":{"line":191,"column":16},"end":{"line":194,"column":39}},"80":{"start":{"line":192,"column":20},"end":{"line":192,"column":51}},"81":{"start":{"line":194,"column":20},"end":{"line":194,"column":39}},"82":{"start":{"line":195,"column":16},"end":{"line":195,"column":63}},"83":{"start":{"line":196,"column":16},"end":{"line":196,"column":22}},"84":{"start":{"line":198,"column":16},"end":{"line":201,"column":39}},"85":{"start":{"line":199,"column":20},"end":{"line":199,"column":51}},"86":{"start":{"line":201,"column":20},"end":{"line":201,"column":39}},"87":{"start":{"line":202,"column":16},"end":{"line":202,"column":63}},"88":{"start":{"line":203,"column":16},"end":{"line":203,"column":22}},"89":{"start":{"line":210,"column":24},"end":{"line":216,"column":5}},"90":{"start":{"line":215,"column":8},"end":{"line":215,"column":122}},"91":{"start":{"line":231,"column":25},"end":{"line":233,"column":5}},"92":{"start":{"line":232,"column":8},"end":{"line":232,"column":108}},"93":{"start":{"line":236,"column":4},"end":{"line":307,"column":9}},"94":{"start":{"line":249,"column":43},"end":{"line":249,"column":60}},"95":{"start":{"line":251,"column":41},"end":{"line":251,"column":50}},"96":{"start":{"line":262,"column":43},"end":{"line":262,"column":60}},"97":{"start":{"line":264,"column":41},"end":{"line":264,"column":50}},"98":{"start":{"line":276,"column":43},"end":{"line":276,"column":60}},"99":{"start":{"line":277,"column":41},"end":{"line":277,"column":50}},"100":{"start":{"line":289,"column":43},"end":{"line":289,"column":60}},"101":{"start":{"line":290,"column":41},"end":{"line":290,"column":50}},"102":{"start":{"line":298,"column":41},"end":{"line":298,"column":53}}},"fnMap":{"0":{"name":"(anonymous_0)","decl":{"start":{"line":11,"column":68},"end":{"line":11,"column":69}},"loc":{"start":{"line":11,"column":77},"end":{"line":308,"column":1}},"line":11},"1":{"name":"(anonymous_1)","decl":{"start":{"line":30,"column":29},"end":{"line":30,"column":30}},"loc":{"start":{"line":30,"column":50},"end":{"line":46,"column":5}},"line":30},"2":{"name":"(anonymous_2)","decl":{"start":{"line":48,"column":35},"end":{"line":48,"column":36}},"loc":{"start":{"line":48,"column":57},"end":{"line":65,"column":5}},"line":48},"3":{"name":"(anonymous_3)","decl":{"start":{"line":68,"column":26},"end":{"line":68,"column":27}},"loc":{"start":{"line":68,"column":45},"end":{"line":82,"column":5}},"line":68},"4":{"name":"(anonymous_4)","decl":{"start":{"line":84,"column":29},"end":{"line":84,"column":30}},"loc":{"start":{"line":84,"column":51},"end":{"line":98,"column":5}},"line":84},"5":{"name":"(anonymous_5)","decl":{"start":{"line":100,"column":22},"end":{"line":100,"column":23}},"loc":{"start":{"line":100,"column":26},"end":{"line":138,"column":5}},"line":100},"6":{"name":"(anonymous_6)","decl":{"start":{"line":110,"column":14},"end":{"line":110,"column":15}},"loc":{"start":{"line":110,"column":19},"end":{"line":115,"column":9}},"line":110},"7":{"name":"(anonymous_7)","decl":{"start":{"line":116,"column":15},"end":{"line":116,"column":16}},"loc":{"start":{"line":116,"column":18},"end":{"line":118,"column":9}},"line":116},"8":{"name":"(anonymous_8)","decl":{"start":{"line":151,"column":27},"end":{"line":151,"column":28}},"loc":{"start":{"line":151,"column":63},"end":{"line":169,"column":5}},"line":151},"9":{"name":"(anonymous_9)","decl":{"start":{"line":171,"column":19},"end":{"line":171,"column":20}},"loc":{"start":{"line":171,"column":54},"end":{"line":206,"column":5}},"line":171},"10":{"name":"(anonymous_10)","decl":{"start":{"line":210,"column":24},"end":{"line":210,"column":25}},"loc":{"start":{"line":210,"column":29},"end":{"line":216,"column":5}},"line":210},"11":{"name":"(anonymous_11)","decl":{"start":{"line":231,"column":25},"end":{"line":231,"column":26}},"loc":{"start":{"line":231,"column":51},"end":{"line":233,"column":5}},"line":231},"12":{"name":"(anonymous_12)","decl":{"start":{"line":249,"column":38},"end":{"line":249,"column":39}},"loc":{"start":{"line":249,"column":43},"end":{"line":249,"column":60}},"line":249},"13":{"name":"(anonymous_13)","decl":{"start":{"line":251,"column":36},"end":{"line":251,"column":37}},"loc":{"start":{"line":251,"column":41},"end":{"line":251,"column":50}},"line":251},"14":{"name":"(anonymous_14)","decl":{"start":{"line":262,"column":38},"end":{"line":262,"column":39}},"loc":{"start":{"line":262,"column":43},"end":{"line":262,"column":60}},"line":262},"15":{"name":"(anonymous_15)","decl":{"start":{"line":264,"column":36},"end":{"line":264,"column":37}},"loc":{"start":{"line":264,"column":41},"end":{"line":264,"column":50}},"line":264},"16":{"name":"(anonymous_16)","decl":{"start":{"line":276,"column":38},"end":{"line":276,"column":39}},"loc":{"start":{"line":276,"column":43},"end":{"line":276,"column":60}},"line":276},"17":{"name":"(anonymous_17)","decl":{"start":{"line":277,"column":36},"end":{"line":277,"column":37}},"loc":{"start":{"line":277,"column":41},"end":{"line":277,"column":50}},"line":277},"18":{"name":"(anonymous_18)","decl":{"start":{"line":289,"column":38},"end":{"line":289,"column":39}},"loc":{"start":{"line":289,"column":43},"end":{"line":289,"column":60}},"line":289},"19":{"name":"(anonymous_19)","decl":{"start":{"line":290,"column":36},"end":{"line":290,"column":37}},"loc":{"start":{"line":290,"column":41},"end":{"line":290,"column":50}},"line":290},"20":{"name":"(anonymous_20)","decl":{"start":{"line":298,"column":37},"end":{"line":298,"column":38}},"loc":{"start":{"line":298,"column":41},"end":{"line":298,"column":53}},"line":298}},"branchMap":{"0":{"loc":{"start":{"line":32,"column":8},"end":{"line":35,"column":60}},"type":"if","locations":[{"start":{"line":32,"column":8},"end":{"line":35,"column":60}},{"start":{"line":32,"column":8},"end":{"line":35,"column":60}}],"line":32},"1":{"loc":{"start":{"line":34,"column":13},"end":{"line":35,"column":60}},"type":"if","locations":[{"start":{"line":34,"column":13},"end":{"line":35,"column":60}},{"start":{"line":34,"column":13},"end":{"line":35,"column":60}}],"line":34},"2":{"loc":{"start":{"line":38,"column":8},"end":{"line":43,"column":9}},"type":"if","locations":[{"start":{"line":38,"column":8},"end":{"line":43,"column":9}},{"start":{"line":38,"column":8},"end":{"line":43,"column":9}}],"line":38},"3":{"loc":{"start":{"line":51,"column":8},"end":{"line":52,"column":50}},"type":"if","locations":[{"start":{"line":51,"column":8},"end":{"line":52,"column":50}},{"start":{"line":51,"column":8},"end":{"line":52,"column":50}}],"line":51},"4":{"loc":{"start":{"line":51,"column":11},"end":{"line":51,"column":59}},"type":"binary-expr","locations":[{"start":{"line":51,"column":11},"end":{"line":51,"column":28}},{"start":{"line":51,"column":32},"end":{"line":51,"column":59}}],"line":51},"5":{"loc":{"start":{"line":53,"column":8},"end":{"line":54,"column":46}},"type":"if","locations":[{"start":{"line":53,"column":8},"end":{"line":54,"column":46}},{"start":{"line":53,"column":8},"end":{"line":54,"column":46}}],"line":53},"6":{"loc":{"start":{"line":53,"column":11},"end":{"line":53,"column":72}},"type":"binary-expr","locations":[{"start":{"line":53,"column":11},"end":{"line":53,"column":28}},{"start":{"line":53,"column":32},"end":{"line":53,"column":72}}],"line":53},"7":{"loc":{"start":{"line":57,"column":8},"end":{"line":62,"column":9}},"type":"if","locations":[{"start":{"line":57,"column":8},"end":{"line":62,"column":9}},{"start":{"line":57,"column":8},"end":{"line":62,"column":9}}],"line":57},"8":{"loc":{"start":{"line":70,"column":8},"end":{"line":71,"column":46}},"type":"if","locations":[{"start":{"line":70,"column":8},"end":{"line":71,"column":46}},{"start":{"line":70,"column":8},"end":{"line":71,"column":46}}],"line":70},"9":{"loc":{"start":{"line":74,"column":8},"end":{"line":79,"column":9}},"type":"if","locations":[{"start":{"line":74,"column":8},"end":{"line":79,"column":9}},{"start":{"line":74,"column":8},"end":{"line":79,"column":9}}],"line":74},"10":{"loc":{"start":{"line":86,"column":8},"end":{"line":87,"column":56}},"type":"if","locations":[{"start":{"line":86,"column":8},"end":{"line":87,"column":56}},{"start":{"line":86,"column":8},"end":{"line":87,"column":56}}],"line":86},"11":{"loc":{"start":{"line":86,"column":12},"end":{"line":86,"column":65}},"type":"binary-expr","locations":[{"start":{"line":86,"column":12},"end":{"line":86,"column":29}},{"start":{"line":86,"column":33},"end":{"line":86,"column":65}}],"line":86},"12":{"loc":{"start":{"line":90,"column":8},"end":{"line":95,"column":9}},"type":"if","locations":[{"start":{"line":90,"column":8},"end":{"line":95,"column":9}},{"start":{"line":90,"column":8},"end":{"line":95,"column":9}}],"line":90},"13":{"loc":{"start":{"line":154,"column":8},"end":{"line":168,"column":9}},"type":"switch","locations":[{"start":{"line":155,"column":12},"end":{"line":157,"column":22}},{"start":{"line":158,"column":12},"end":{"line":160,"column":22}},{"start":{"line":161,"column":12},"end":{"line":163,"column":22}},{"start":{"line":164,"column":12},"end":{"line":166,"column":22}},{"start":{"line":167,"column":12},"end":{"line":167,"column":20}}],"line":154},"14":{"loc":{"start":{"line":175,"column":8},"end":{"line":205,"column":9}},"type":"switch","locations":[{"start":{"line":176,"column":12},"end":{"line":182,"column":22}},{"start":{"line":183,"column":12},"end":{"line":189,"column":22}},{"start":{"line":190,"column":12},"end":{"line":196,"column":22}},{"start":{"line":197,"column":12},"end":{"line":203,"column":22}},{"start":{"line":204,"column":12},"end":{"line":204,"column":20}}],"line":175},"15":{"loc":{"start":{"line":177,"column":16},"end":{"line":180,"column":38}},"type":"if","locations":[{"start":{"line":177,"column":16},"end":{"line":180,"column":38}},{"start":{"line":177,"column":16},"end":{"line":180,"column":38}}],"line":177},"16":{"loc":{"start":{"line":177,"column":19},"end":{"line":177,"column":76}},"type":"binary-expr","locations":[{"start":{"line":177,"column":19},"end":{"line":177,"column":47}},{"start":{"line":177,"column":51},"end":{"line":177,"column":76}}],"line":177},"17":{"loc":{"start":{"line":184,"column":16},"end":{"line":187,"column":35}},"type":"if","locations":[{"start":{"line":184,"column":16},"end":{"line":187,"column":35}},{"start":{"line":184,"column":16},"end":{"line":187,"column":35}}],"line":184},"18":{"loc":{"start":{"line":184,"column":19},"end":{"line":184,"column":70}},"type":"binary-expr","locations":[{"start":{"line":184,"column":19},"end":{"line":184,"column":44}},{"start":{"line":184,"column":48},"end":{"line":184,"column":70}}],"line":184},"19":{"loc":{"start":{"line":191,"column":16},"end":{"line":194,"column":39}},"type":"if","locations":[{"start":{"line":191,"column":16},"end":{"line":194,"column":39}},{"start":{"line":191,"column":16},"end":{"line":194,"column":39}}],"line":191},"20":{"loc":{"start":{"line":191,"column":19},"end":{"line":191,"column":78}},"type":"binary-expr","locations":[{"start":{"line":191,"column":19},"end":{"line":191,"column":48}},{"start":{"line":191,"column":52},"end":{"line":191,"column":78}}],"line":191},"21":{"loc":{"start":{"line":198,"column":16},"end":{"line":201,"column":39}},"type":"if","locations":[{"start":{"line":198,"column":16},"end":{"line":201,"column":39}},{"start":{"line":198,"column":16},"end":{"line":201,"column":39}}],"line":198},"22":{"loc":{"start":{"line":198,"column":19},"end":{"line":198,"column":78}},"type":"binary-expr","locations":[{"start":{"line":198,"column":19},"end":{"line":198,"column":48}},{"start":{"line":198,"column":52},"end":{"line":198,"column":78}}],"line":198},"23":{"loc":{"start":{"line":215,"column":15},"end":{"line":215,"column":122}},"type":"cond-expr","locations":[{"start":{"line":215,"column":109},"end":{"line":215,"column":111}},{"start":{"line":215,"column":112},"end":{"line":215,"column":122}}],"line":215},"24":{"loc":{"start":{"line":215,"column":16},"end":{"line":215,"column":107}},"type":"binary-expr","locations":[{"start":{"line":215,"column":16},"end":{"line":215,"column":36}},{"start":{"line":215,"column":40},"end":{"line":215,"column":57}},{"start":{"line":215,"column":61},"end":{"line":215,"column":82}},{"start":{"line":215,"column":86},"end":{"line":215,"column":107}}],"line":215},"25":{"loc":{"start":{"line":232,"column":46},"end":{"line":232,"column":99}},"type":"cond-expr","locations":[{"start":{"line":232,"column":91},"end":{"line":232,"column":96}},{"start":{"line":232,"column":97},"end":{"line":232,"column":99}}],"line":232},"26":{"loc":{"start":{"line":232,"column":46},"end":{"line":232,"column":90}},"type":"binary-expr","locations":[{"start":{"line":232,"column":46},"end":{"line":232,"column":59}},{"start":{"line":232,"column":63},"end":{"line":232,"column":90}}],"line":232}},"s":{"0":2,"1":0,"2":0,"3":0,"4":0,"5":0,"6":0,"7":0,"8":0,"9":0,"10":0,"11":0,"12":0,"13":0,"14":0,"15":0,"16":0,"17":0,"18":0,"19":0,"20":0,"21":0,"22":0,"23":0,"24":0,"25":0,"26":0,"27":0,"28":0,"29":0,"30":0,"31":0,"32":0,"33":0,"34":0,"35":0,"36":0,"37":0,"38":0,"39":0,"40":0,"41":0,"42":0,"43":0,"44":0,"45":0,"46":0,"47":0,"48":0,"49":0,"50":0,"51":0,"52":0,"53":0,"54":0,"55":0,"56":0,"57":0,"58":0,"59":0,"60":0,"61":0,"62":0,"63":0,"64":0,"65":0,"66":0,"67":0,"68":0,"69":0,"70":0,"71":0,"72":0,"73":0,"74":0,"75":0,"76":0,"77":0,"78":0,"79":0,"80":0,"81":0,"82":0,"83":0,"84":0,"85":0,"86":0,"87":0,"88":0,"89":0,"90":0,"91":0,"92":0,"93":0,"94":0,"95":0,"96":0,"97":0,"98":0,"99":0,"100":0,"101":0,"102":0},"f":{"0":0,"1":0,"2":0,"3":0,"4":0,"5":0,"6":0,"7":0,"8":0,"9":0,"10":0,"11":0,"12":0,"13":0,"14":0,"15":0,"16":0,"17":0,"18":0,"19":0,"20":0},"b":{"0":[0,0],"1":[0,0],"2":[0,0],"3":[0,0],"4":[0,0],"5":[0,0],"6":[0,0],"7":[0,0],"8":[0,0],"9":[0,0],"10":[0,0],"11":[0,0],"12":[0,0],"13":[0,0,0,0,0],"14":[0,0,0,0,0],"15":[0,0],"16":[0,0],"17":[0,0],"18":[0,0],"19":[0,0],"20":[0,0],"21":[0,0],"22":[0,0],"23":[0,0],"24":[0,0,0,0],"25":[0,0],"26":[0,0]},"_coverageSchema":"1a1c01bbd47fc00a2c39e90264f33305004495a9","hash":"be4e874d6a0607e00ab03cbfef8c166c3ea2a451"}
,"E:\\react\\c04-typescript\\src\\components\\RegisterFormComponent\\index.tsx": {"path":"E:\\react\\c04-typescript\\src\\components\\RegisterFormComponent\\index.tsx","statementMap":{"0":{"start":{"line":5,"column":31},"end":{"line":10,"column":1}},"1":{"start":{"line":6,"column":4},"end":{"line":9,"column":5}},"2":{"start":{"line":12,"column":34},"end":{"line":17,"column":1}},"3":{"start":{"line":14,"column":2},"end":{"line":16,"column":4}},"4":{"start":{"line":15,"column":40},"end":{"line":15,"column":66}}},"fnMap":{"0":{"name":"(anonymous_0)","decl":{"start":{"line":5,"column":31},"end":{"line":5,"column":32}},"loc":{"start":{"line":5,"column":45},"end":{"line":10,"column":1}},"line":5},"1":{"name":"(anonymous_1)","decl":{"start":{"line":12,"column":34},"end":{"line":12,"column":35}},"loc":{"start":{"line":12,"column":59},"end":{"line":17,"column":1}},"line":12},"2":{"name":"(anonymous_2)","decl":{"start":{"line":15,"column":16},"end":{"line":15,"column":17}},"loc":{"start":{"line":15,"column":40},"end":{"line":15,"column":66}},"line":15}},"branchMap":{},"s":{"0":2,"1":2,"2":2,"3":1,"4":1},"f":{"0":2,"1":1,"2":1},"b":{},"_coverageSchema":"1a1c01bbd47fc00a2c39e90264f33305004495a9","hash":"ebe964e1627ef3023c8c818ed2503a381b1381a5"}
,"E:\\react\\c04-typescript\\src\\config\\createStore.tsx": {"path":"E:\\react\\c04-typescript\\src\\config\\createStore.tsx","statementMap":{"0":{"start":{"line":6,"column":21},"end":{"line":6,"column":66}}},"fnMap":{},"branchMap":{},"s":{"0":4},"f":{},"b":{},"_coverageSchema":"1a1c01bbd47fc00a2c39e90264f33305004495a9","hash":"d4acec2a599fd9c262b37822b804a20250b9028c"}
,"E:\\react\\c04-typescript\\src\\config\\http-common.tsx": {"path":"E:\\react\\c04-typescript\\src\\config\\http-common.tsx","statementMap":{"0":{"start":{"line":3,"column":35},"end":{"line":8,"column":2}}},"fnMap":{},"branchMap":{},"s":{"0":11},"f":{},"b":{},"_coverageSchema":"1a1c01bbd47fc00a2c39e90264f33305004495a9","hash":"f19429b3ce946ea91d31d7c72f92fb86e4471f3f"}
,"E:\\react\\c04-typescript\\src\\reducers\\authReducer.tsx": {"path":"E:\\react\\c04-typescript\\src\\reducers\\authReducer.tsx","statementMap":{"0":{"start":{"line":2,"column":29},"end":{"line":7,"column":1}},"1":{"start":{"line":9,"column":0},"end":{"line":16,"column":5}},"2":{"start":{"line":11,"column":4},"end":{"line":16,"column":5}},"3":{"start":{"line":18,"column":27},"end":{"line":33,"column":5}},"4":{"start":{"line":21,"column":6},"end":{"line":32,"column":7}},"5":{"start":{"line":23,"column":12},"end":{"line":23,"column":55}},"6":{"start":{"line":25,"column":12},"end":{"line":25,"column":50}},"7":{"start":{"line":27,"column":12},"end":{"line":27,"column":56}},"8":{"start":{"line":29,"column":12},"end":{"line":29,"column":56}},"9":{"start":{"line":31,"column":12},"end":{"line":31,"column":24}}},"fnMap":{"0":{"name":"(anonymous_0)","decl":{"start":{"line":18,"column":27},"end":{"line":18,"column":28}},"loc":{"start":{"line":18,"column":68},"end":{"line":33,"column":5}},"line":18}},"branchMap":{"0":{"loc":{"start":{"line":9,"column":0},"end":{"line":16,"column":5}},"type":"if","locations":[{"start":{"line":9,"column":0},"end":{"line":16,"column":5}},{"start":{"line":9,"column":0},"end":{"line":16,"column":5}}],"line":9},"1":{"loc":{"start":{"line":9,"column":4},"end":{"line":10,"column":33}},"type":"binary-expr","locations":[{"start":{"line":9,"column":4},"end":{"line":9,"column":38}},{"start":{"line":10,"column":4},"end":{"line":10,"column":33}}],"line":9},"2":{"loc":{"start":{"line":12,"column":31},"end":{"line":12,"column":69}},"type":"binary-expr","locations":[{"start":{"line":12,"column":31},"end":{"line":12,"column":65}},{"start":{"line":12,"column":67},"end":{"line":12,"column":69}}],"line":12},"3":{"loc":{"start":{"line":13,"column":15},"end":{"line":13,"column":49}},"type":"binary-expr","locations":[{"start":{"line":13,"column":15},"end":{"line":13,"column":44}},{"start":{"line":13,"column":47},"end":{"line":13,"column":49}}],"line":13},"4":{"loc":{"start":{"line":18,"column":28},"end":{"line":18,"column":40}},"type":"default-arg","locations":[{"start":{"line":18,"column":36},"end":{"line":18,"column":40}}],"line":18},"5":{"loc":{"start":{"line":21,"column":6},"end":{"line":32,"column":7}},"type":"switch","locations":[{"start":{"line":22,"column":8},"end":{"line":23,"column":55}},{"start":{"line":24,"column":8},"end":{"line":25,"column":50}},{"start":{"line":26,"column":8},"end":{"line":27,"column":56}},{"start":{"line":28,"column":8},"end":{"line":29,"column":56}},{"start":{"line":30,"column":8},"end":{"line":31,"column":24}}],"line":21}},"s":{"0":4,"1":4,"2":0,"3":4,"4":42,"5":2,"6":2,"7":8,"8":4,"9":26},"f":{"0":42},"b":{"0":[0,4],"1":[4,0],"2":[0,0],"3":[0,0],"4":[12],"5":[2,2,8,4,26]},"_coverageSchema":"1a1c01bbd47fc00a2c39e90264f33305004495a9","hash":"a999901b2f3d7862f3f57669deed091f02afb86b"}
,"E:\\react\\c04-typescript\\src\\reducers\\index.tsx": {"path":"E:\\react\\c04-typescript\\src\\reducers\\index.tsx","statementMap":{},"fnMap":{},"branchMap":{},"s":{},"f":{},"b":{},"_coverageSchema":"1a1c01bbd47fc00a2c39e90264f33305004495a9","hash":"ad05266caa3d4d8d41a521f5e26081451980b5bd"}
,"E:\\react\\c04-typescript\\src\\reducers\\noteReducer.ts": {"path":"E:\\react\\c04-typescript\\src\\reducers\\noteReducer.ts","statementMap":{"0":{"start":{"line":2,"column":39},"end":{"line":7,"column":1}},"1":{"start":{"line":8,"column":27},"end":{"line":66,"column":3}},"2":{"start":{"line":12,"column":4},"end":{"line":65,"column":5}},"3":{"start":{"line":14,"column":12},"end":{"line":17,"column":13}},"4":{"start":{"line":19,"column":12},"end":{"line":22,"column":13}},"5":{"start":{"line":24,"column":12},"end":{"line":27,"column":13}},"6":{"start":{"line":29,"column":12},"end":{"line":32,"column":13}},"7":{"start":{"line":35,"column":28},"end":{"line":41,"column":14}},"8":{"start":{"line":36,"column":16},"end":{"line":39,"column":17}},"9":{"start":{"line":37,"column":20},"end":{"line":37,"column":50}},"10":{"start":{"line":38,"column":20},"end":{"line":38,"column":58}},"11":{"start":{"line":40,"column":16},"end":{"line":40,"column":28}},"12":{"start":{"line":43,"column":12},"end":{"line":46,"column":13}},"13":{"start":{"line":48,"column":12},"end":{"line":51,"column":13}},"14":{"start":{"line":53,"column":12},"end":{"line":53,"column":37}},"15":{"start":{"line":54,"column":29},"end":{"line":54,"column":50}},"16":{"start":{"line":55,"column":21},"end":{"line":55,"column":37}},"17":{"start":{"line":56,"column":27},"end":{"line":56,"column":29}},"18":{"start":{"line":57,"column":12},"end":{"line":63,"column":13}},"19":{"start":{"line":58,"column":16},"end":{"line":58,"column":83}},"20":{"start":{"line":58,"column":56},"end":{"line":58,"column":81}},"21":{"start":{"line":59,"column":16},"end":{"line":59,"column":54}},"22":{"start":{"line":61,"column":16},"end":{"line":61,"column":81}},"23":{"start":{"line":61,"column":54},"end":{"line":61,"column":79}},"24":{"start":{"line":62,"column":16},"end":{"line":62,"column":52}},"25":{"start":{"line":64,"column":17},"end":{"line":64,"column":30}}},"fnMap":{"0":{"name":"(anonymous_0)","decl":{"start":{"line":8,"column":27},"end":{"line":8,"column":28}},"loc":{"start":{"line":11,"column":26},"end":{"line":66,"column":3}},"line":11},"1":{"name":"(anonymous_1)","decl":{"start":{"line":35,"column":46},"end":{"line":35,"column":47}},"loc":{"start":{"line":35,"column":54},"end":{"line":41,"column":13}},"line":35},"2":{"name":"(anonymous_2)","decl":{"start":{"line":58,"column":50},"end":{"line":58,"column":51}},"loc":{"start":{"line":58,"column":56},"end":{"line":58,"column":81}},"line":58},"3":{"name":"(anonymous_3)","decl":{"start":{"line":61,"column":48},"end":{"line":61,"column":49}},"loc":{"start":{"line":61,"column":54},"end":{"line":61,"column":79}},"line":61}},"branchMap":{"0":{"loc":{"start":{"line":9,"column":4},"end":{"line":9,"column":24}},"type":"default-arg","locations":[{"start":{"line":9,"column":12},"end":{"line":9,"column":24}}],"line":9},"1":{"loc":{"start":{"line":12,"column":4},"end":{"line":65,"column":5}},"type":"switch","locations":[{"start":{"line":13,"column":8},"end":{"line":17,"column":13}},{"start":{"line":18,"column":8},"end":{"line":22,"column":13}},{"start":{"line":23,"column":8},"end":{"line":27,"column":13}},{"start":{"line":28,"column":8},"end":{"line":32,"column":13}},{"start":{"line":34,"column":8},"end":{"line":46,"column":13}},{"start":{"line":47,"column":8},"end":{"line":51,"column":13}},{"start":{"line":52,"column":8},"end":{"line":63,"column":13}},{"start":{"line":64,"column":8},"end":{"line":64,"column":30}}],"line":12},"2":{"loc":{"start":{"line":36,"column":16},"end":{"line":39,"column":17}},"type":"if","locations":[{"start":{"line":36,"column":16},"end":{"line":39,"column":17}},{"start":{"line":36,"column":16},"end":{"line":39,"column":17}}],"line":36},"3":{"loc":{"start":{"line":57,"column":12},"end":{"line":63,"column":13}},"type":"if","locations":[{"start":{"line":57,"column":12},"end":{"line":63,"column":13}},{"start":{"line":57,"column":12},"end":{"line":63,"column":13}}],"line":57},"4":{"loc":{"start":{"line":58,"column":56},"end":{"line":58,"column":81}},"type":"cond-expr","locations":[{"start":{"line":58,"column":72},"end":{"line":58,"column":76}},{"start":{"line":58,"column":77},"end":{"line":58,"column":81}}],"line":58},"5":{"loc":{"start":{"line":61,"column":54},"end":{"line":61,"column":79}},"type":"cond-expr","locations":[{"start":{"line":61,"column":70},"end":{"line":61,"column":74}},{"start":{"line":61,"column":75},"end":{"line":61,"column":79}}],"line":61}},"s":{"0":4,"1":4,"2":42,"3":2,"4":2,"5":5,"6":2,"7":0,"8":0,"9":0,"10":0,"11":0,"12":0,"13":0,"14":0,"15":0,"16":0,"17":0,"18":0,"19":0,"20":0,"21":0,"22":0,"23":0,"24":0,"25":31},"f":{"0":42,"1":0,"2":0,"3":0},"b":{"0":[12],"1":[2,2,5,2,0,0,0,31],"2":[0,0],"3":[0,0],"4":[0,0],"5":[0,0]},"_coverageSchema":"1a1c01bbd47fc00a2c39e90264f33305004495a9","hash":"24d0f26a5fd0204fd3849910b84e31e29db3abfc"}
,"E:\\react\\c04-typescript\\src\\reducers\\registerReducer.ts": {"path":"E:\\react\\c04-typescript\\src\\reducers\\registerReducer.ts","statementMap":{"0":{"start":{"line":2,"column":43},"end":{"line":6,"column":1}},"1":{"start":{"line":7,"column":31},"end":{"line":19,"column":3}},"2":{"start":{"line":11,"column":4},"end":{"line":18,"column":5}},"3":{"start":{"line":13,"column":12},"end":{"line":16,"column":13}},"4":{"start":{"line":17,"column":17},"end":{"line":17,"column":30}}},"fnMap":{"0":{"name":"(anonymous_0)","decl":{"start":{"line":7,"column":31},"end":{"line":7,"column":32}},"loc":{"start":{"line":10,"column":30},"end":{"line":19,"column":3}},"line":10}},"branchMap":{"0":{"loc":{"start":{"line":8,"column":4},"end":{"line":8,"column":24}},"type":"default-arg","locations":[{"start":{"line":8,"column":12},"end":{"line":8,"column":24}}],"line":8},"1":{"loc":{"start":{"line":11,"column":4},"end":{"line":18,"column":5}},"type":"switch","locations":[{"start":{"line":12,"column":8},"end":{"line":16,"column":13}},{"start":{"line":17,"column":8},"end":{"line":17,"column":30}}],"line":11}},"s":{"0":4,"1":4,"2":42,"3":2,"4":40},"f":{"0":42},"b":{"0":[12],"1":[2,40]},"_coverageSchema":"1a1c01bbd47fc00a2c39e90264f33305004495a9","hash":"c4f77aa8c1e50e3f346c40bf44670669416cbaa4"}
,"E:\\react\\c04-typescript\\src\\services\\AuthService.tsx": {"path":"E:\\react\\c04-typescript\\src\\services\\AuthService.tsx","statementMap":{"0":{"start":{"line":6,"column":4},"end":{"line":6,"column":40}},"1":{"start":{"line":10,"column":20},"end":{"line":13,"column":5}},"2":{"start":{"line":15,"column":6},"end":{"line":15,"column":61}}},"fnMap":{"0":{"name":"(anonymous_0)","decl":{"start":{"line":5,"column":2},"end":{"line":5,"column":3}},"loc":{"start":{"line":5,"column":23},"end":{"line":7,"column":3}},"line":5},"1":{"name":"(anonymous_1)","decl":{"start":{"line":9,"column":2},"end":{"line":9,"column":3}},"loc":{"start":{"line":9,"column":22},"end":{"line":16,"column":3}},"line":9}},"branchMap":{},"s":{"0":2,"1":2,"2":2},"f":{"0":2,"1":2},"b":{},"_coverageSchema":"1a1c01bbd47fc00a2c39e90264f33305004495a9","hash":"b051010df9df965dbdcefdc39a79c95700948583"}
,"E:\\react\\c04-typescript\\src\\services\\NoteService.tsx": {"path":"E:\\react\\c04-typescript\\src\\services\\NoteService.tsx","statementMap":{"0":{"start":{"line":6,"column":8},"end":{"line":6,"column":38}},"1":{"start":{"line":10,"column":6},"end":{"line":10,"column":44}},"2":{"start":{"line":14,"column":20},"end":{"line":14,"column":37}}},"fnMap":{"0":{"name":"(anonymous_0)","decl":{"start":{"line":5,"column":2},"end":{"line":5,"column":3}},"loc":{"start":{"line":5,"column":12},"end":{"line":7,"column":3}},"line":5},"1":{"name":"(anonymous_1)","decl":{"start":{"line":9,"column":3},"end":{"line":9,"column":4}},"loc":{"start":{"line":9,"column":24},"end":{"line":11,"column":5}},"line":9}},"branchMap":{},"s":{"0":8,"1":0,"2":5},"f":{"0":8,"1":0},"b":{},"_coverageSchema":"1a1c01bbd47fc00a2c39e90264f33305004495a9","hash":"03b3e1c7f91fc51435bbd9b9bad6bba3750b1edf"}
,"E:\\react\\c04-typescript\\src\\services\\UserService.tsx": {"path":"E:\\react\\c04-typescript\\src\\services\\UserService.tsx","statementMap":{"0":{"start":{"line":5,"column":4},"end":{"line":5,"column":30}},"1":{"start":{"line":8,"column":4},"end":{"line":8,"column":39}}},"fnMap":{"0":{"name":"(anonymous_0)","decl":{"start":{"line":4,"column":2},"end":{"line":4,"column":3}},"loc":{"start":{"line":4,"column":11},"end":{"line":6,"column":3}},"line":4},"1":{"name":"(anonymous_1)","decl":{"start":{"line":7,"column":2},"end":{"line":7,"column":3}},"loc":{"start":{"line":7,"column":32},"end":{"line":9,"column":3}},"line":7}},"branchMap":{},"s":{"0":0,"1":2},"f":{"0":0,"1":2},"b":{},"_coverageSchema":"1a1c01bbd47fc00a2c39e90264f33305004495a9","hash":"b4d2cbe6fe4031aa7980063553f9ab9645267da8"}
}
