{"E:\\react\\c04-typescript\\src\\App.tsx": {"path":"E:\\react\\c04-typescript\\src\\App.tsx","statementMap":{"0":{"start":{"line":20,"column":22},"end":{"line":38,"column":1}},"1":{"start":{"line":21,"column":2},"end":{"line":37,"column":4}}},"fnMap":{"0":{"name":"(anonymous_0)","decl":{"start":{"line":20,"column":22},"end":{"line":20,"column":23}},"loc":{"start":{"line":20,"column":28},"end":{"line":38,"column":1}},"line":20}},"branchMap":{},"s":{"0":1,"1":1},"f":{"0":1},"b":{},"_coverageSchema":"1a1c01bbd47fc00a2c39e90264f33305004495a9","hash":"0ecc2caf04e387f42b3f265733855dc591cf0fd3"}
,"E:\\react\\c04-typescript\\src\\actions\\noteAction.ts": {"path":"E:\\react\\c04-typescript\\src\\actions\\noteAction.ts","statementMap":{"0":{"start":{"line":25,"column":24},"end":{"line":41,"column":5}},"1":{"start":{"line":25,"column":29},"end":{"line":41,"column":5}},"2":{"start":{"line":26,"column":8},"end":{"line":40,"column":15}},"3":{"start":{"line":29,"column":16},"end":{"line":32,"column":19}},"4":{"start":{"line":34,"column":16},"end":{"line":34,"column":45}},"5":{"start":{"line":35,"column":16},"end":{"line":35,"column":38}},"6":{"start":{"line":36,"column":16},"end":{"line":39,"column":18}}},"fnMap":{"0":{"name":"(anonymous_0)","decl":{"start":{"line":25,"column":24},"end":{"line":25,"column":25}},"loc":{"start":{"line":25,"column":29},"end":{"line":41,"column":5}},"line":25},"1":{"name":"(anonymous_1)","decl":{"start":{"line":25,"column":29},"end":{"line":25,"column":30}},"loc":{"start":{"line":25,"column":54},"end":{"line":41,"column":5}},"line":25},"2":{"name":"(anonymous_2)","decl":{"start":{"line":27,"column":18},"end":{"line":27,"column":19}},"loc":{"start":{"line":27,"column":26},"end":{"line":33,"column":13}},"line":27},"3":{"name":"(anonymous_3)","decl":{"start":{"line":33,"column":21},"end":{"line":33,"column":22}},"loc":{"start":{"line":33,"column":26},"end":{"line":40,"column":13}},"line":33}},"branchMap":{},"s":{"0":2,"1":1,"2":1,"3":0,"4":0,"5":0,"6":0},"f":{"0":1,"1":1,"2":0,"3":0},"b":{},"_coverageSchema":"1a1c01bbd47fc00a2c39e90264f33305004495a9","hash":"bb1cfa971f917716e4714ba1bc4134f1e3b7465b"}
,"E:\\react\\c04-typescript\\src\\actions\\types.ts": {"path":"E:\\react\\c04-typescript\\src\\actions\\types.ts","statementMap":{"0":{"start":{"line":1,"column":25},"end":{"line":1,"column":36}},"1":{"start":{"line":2,"column":31},"end":{"line":2,"column":48}}},"fnMap":{},"branchMap":{},"s":{"0":3,"1":3},"f":{},"b":{},"_coverageSchema":"1a1c01bbd47fc00a2c39e90264f33305004495a9","hash":"b674272d926ad3f3b3934b9a6c0c35f285ef90fb"}
,"E:\\react\\c04-typescript\\src\\components\\AddNoteComponent.tsx": {"path":"E:\\react\\c04-typescript\\src\\components\\AddNoteComponent.tsx","statementMap":{"0":{"start":{"line":12,"column":49},"end":{"line":30,"column":1}},"1":{"start":{"line":14,"column":25},"end":{"line":17,"column":5}},"2":{"start":{"line":15,"column":24},"end":{"line":15,"column":60}},"3":{"start":{"line":16,"column":8},"end":{"line":16,"column":31}},"4":{"start":{"line":19,"column":25},"end":{"line":23,"column":5}},"5":{"start":{"line":20,"column":8},"end":{"line":21,"column":99}},"6":{"start":{"line":21,"column":12},"end":{"line":21,"column":99}},"7":{"start":{"line":21,"column":72},"end":{"line":21,"column":80}},"8":{"start":{"line":22,"column":8},"end":{"line":22,"column":20}},"9":{"start":{"line":25,"column":4},"end":{"line":29,"column":21}},"10":{"start":{"line":26,"column":72},"end":{"line":26,"column":87}},"11":{"start":{"line":27,"column":81},"end":{"line":27,"column":100}},"12":{"start":{"line":27,"column":100},"end":{"line":27,"column":110}}},"fnMap":{"0":{"name":"(anonymous_0)","decl":{"start":{"line":12,"column":49},"end":{"line":12,"column":50}},"loc":{"start":{"line":12,"column":109},"end":{"line":30,"column":1}},"line":12},"1":{"name":"(anonymous_1)","decl":{"start":{"line":14,"column":25},"end":{"line":14,"column":26}},"loc":{"start":{"line":14,"column":60},"end":{"line":17,"column":5}},"line":14},"2":{"name":"(anonymous_2)","decl":{"start":{"line":19,"column":25},"end":{"line":19,"column":26}},"loc":{"start":{"line":19,"column":29},"end":{"line":23,"column":5}},"line":19},"3":{"name":"(anonymous_3)","decl":{"start":{"line":21,"column":67},"end":{"line":21,"column":68}},"loc":{"start":{"line":21,"column":71},"end":{"line":21,"column":81}},"line":21},"4":{"name":"(anonymous_4)","decl":{"start":{"line":26,"column":69},"end":{"line":26,"column":70}},"loc":{"start":{"line":26,"column":72},"end":{"line":26,"column":87}},"line":26},"5":{"name":"(anonymous_5)","decl":{"start":{"line":27,"column":75},"end":{"line":27,"column":76}},"loc":{"start":{"line":27,"column":80},"end":{"line":27,"column":111}},"line":27}},"branchMap":{"0":{"loc":{"start":{"line":20,"column":8},"end":{"line":21,"column":99}},"type":"if","locations":[{"start":{"line":20,"column":8},"end":{"line":21,"column":99}},{"start":{"line":20,"column":8},"end":{"line":21,"column":99}}],"line":20},"1":{"loc":{"start":{"line":27,"column":114},"end":{"line":27,"column":144}},"type":"cond-expr","locations":[{"start":{"line":27,"column":123},"end":{"line":27,"column":129}},{"start":{"line":27,"column":130},"end":{"line":27,"column":144}}],"line":27}},"s":{"0":3,"1":4,"2":1,"3":1,"4":4,"5":4,"6":1,"7":0,"8":3,"9":4,"10":1,"11":1,"12":1},"f":{"0":4,"1":1,"2":4,"3":0,"4":1,"5":1},"b":{"0":[1,3],"1":[1,3]},"_coverageSchema":"1a1c01bbd47fc00a2c39e90264f33305004495a9","hash":"bf0a7b776733e0a63ea7aaaf6bae136a756687ec"}
,"E:\\react\\c04-typescript\\src\\components\\AddTodoComponent.tsx": {"path":"E:\\react\\c04-typescript\\src\\components\\AddTodoComponent.tsx","statementMap":{"0":{"start":{"line":8,"column":53},"end":{"line":29,"column":1}},"1":{"start":{"line":9,"column":32},"end":{"line":9,"column":52}},"2":{"start":{"line":11,"column":23},"end":{"line":13,"column":3}},"3":{"start":{"line":12,"column":4},"end":{"line":12,"column":31}},"4":{"start":{"line":15,"column":23},"end":{"line":19,"column":3}},"5":{"start":{"line":16,"column":4},"end":{"line":16,"column":23}},"6":{"start":{"line":17,"column":4},"end":{"line":17,"column":21}},"7":{"start":{"line":18,"column":4},"end":{"line":18,"column":19}},"8":{"start":{"line":21,"column":2},"end":{"line":28,"column":4}},"9":{"start":{"line":23,"column":56},"end":{"line":23,"column":71}}},"fnMap":{"0":{"name":"(anonymous_0)","decl":{"start":{"line":8,"column":53},"end":{"line":8,"column":54}},"loc":{"start":{"line":8,"column":70},"end":{"line":29,"column":1}},"line":8},"1":{"name":"(anonymous_1)","decl":{"start":{"line":11,"column":23},"end":{"line":11,"column":24}},"loc":{"start":{"line":11,"column":61},"end":{"line":13,"column":3}},"line":11},"2":{"name":"(anonymous_2)","decl":{"start":{"line":15,"column":23},"end":{"line":15,"column":24}},"loc":{"start":{"line":15,"column":60},"end":{"line":19,"column":3}},"line":15},"3":{"name":"(anonymous_3)","decl":{"start":{"line":23,"column":51},"end":{"line":23,"column":52}},"loc":{"start":{"line":23,"column":56},"end":{"line":23,"column":71}},"line":23}},"branchMap":{},"s":{"0":3,"1":3,"2":3,"3":1,"4":3,"5":0,"6":0,"7":0,"8":3,"9":1},"f":{"0":3,"1":1,"2":0,"3":1},"b":{},"_coverageSchema":"1a1c01bbd47fc00a2c39e90264f33305004495a9","hash":"236c43ea264c732f5481ba63c2cdef924d04e580"}
,"E:\\react\\c04-typescript\\src\\components\\LoginFormComponent.tsx": {"path":"E:\\react\\c04-typescript\\src\\components\\LoginFormComponent.tsx","statementMap":{"0":{"start":{"line":3,"column":27},"end":{"line":5,"column":1}},"1":{"start":{"line":4,"column":4},"end":{"line":4,"column":27}}},"fnMap":{"0":{"name":"(anonymous_0)","decl":{"start":{"line":3,"column":27},"end":{"line":3,"column":28}},"loc":{"start":{"line":3,"column":32},"end":{"line":5,"column":1}},"line":3}},"branchMap":{},"s":{"0":1,"1":0},"f":{"0":0},"b":{},"_coverageSchema":"1a1c01bbd47fc00a2c39e90264f33305004495a9","hash":"86cfb21d8cf781c9233f9d9415bb4c7b0dbda635"}
,"E:\\react\\c04-typescript\\src\\components\\MenuComponent.tsx": {"path":"E:\\react\\c04-typescript\\src\\components\\MenuComponent.tsx","statementMap":{"0":{"start":{"line":4,"column":22},"end":{"line":29,"column":1}},"1":{"start":{"line":5,"column":4},"end":{"line":28,"column":11}}},"fnMap":{"0":{"name":"(anonymous_0)","decl":{"start":{"line":4,"column":22},"end":{"line":4,"column":23}},"loc":{"start":{"line":4,"column":27},"end":{"line":29,"column":1}},"line":4}},"branchMap":{},"s":{"0":1,"1":0},"f":{"0":0},"b":{},"_coverageSchema":"1a1c01bbd47fc00a2c39e90264f33305004495a9","hash":"fc3c88e3f5c3c186597d685056eadf62e8ba8bd7"}
,"E:\\react\\c04-typescript\\src\\components\\NotFoundPageComponent.tsx": {"path":"E:\\react\\c04-typescript\\src\\components\\NotFoundPageComponent.tsx","statementMap":{"0":{"start":{"line":3,"column":30},"end":{"line":5,"column":1}},"1":{"start":{"line":4,"column":4},"end":{"line":4,"column":36}}},"fnMap":{"0":{"name":"(anonymous_0)","decl":{"start":{"line":3,"column":30},"end":{"line":3,"column":31}},"loc":{"start":{"line":3,"column":35},"end":{"line":5,"column":1}},"line":3}},"branchMap":{},"s":{"0":1,"1":0},"f":{"0":0},"b":{},"_coverageSchema":"1a1c01bbd47fc00a2c39e90264f33305004495a9","hash":"a2c517781519257fffc3be2cc5694667a47fa2cd"}
,"E:\\react\\c04-typescript\\src\\components\\RegisterFormComponent.tsx": {"path":"E:\\react\\c04-typescript\\src\\components\\RegisterFormComponent.tsx","statementMap":{"0":{"start":{"line":3,"column":30},"end":{"line":5,"column":1}},"1":{"start":{"line":4,"column":4},"end":{"line":4,"column":35}}},"fnMap":{"0":{"name":"(anonymous_0)","decl":{"start":{"line":3,"column":30},"end":{"line":3,"column":31}},"loc":{"start":{"line":3,"column":35},"end":{"line":5,"column":1}},"line":3}},"branchMap":{},"s":{"0":1,"1":0},"f":{"0":0},"b":{},"_coverageSchema":"1a1c01bbd47fc00a2c39e90264f33305004495a9","hash":"c22218e6a8dac1b41e0db6e2c0c08a9398eb687d"}
,"E:\\react\\c04-typescript\\src\\components\\TodoComponent.tsx": {"path":"E:\\react\\c04-typescript\\src\\components\\TodoComponent.tsx","statementMap":{"0":{"start":{"line":16,"column":8},"end":{"line":16,"column":21}},"1":{"start":{"line":17,"column":8},"end":{"line":21,"column":10}},"2":{"start":{"line":23,"column":8},"end":{"line":23,"column":47}},"3":{"start":{"line":24,"column":8},"end":{"line":24,"column":53}},"4":{"start":{"line":25,"column":8},"end":{"line":25,"column":61}},"5":{"start":{"line":31,"column":8},"end":{"line":31,"column":30}},"6":{"start":{"line":37,"column":21},"end":{"line":37,"column":85}},"7":{"start":{"line":39,"column":8},"end":{"line":41,"column":10}},"8":{"start":{"line":59,"column":25},"end":{"line":59,"column":84}},"9":{"start":{"line":59,"column":58},"end":{"line":59,"column":83}},"10":{"start":{"line":60,"column":8},"end":{"line":62,"column":10}},"11":{"start":{"line":67,"column":26},"end":{"line":67,"column":103}},"12":{"start":{"line":68,"column":25},"end":{"line":71,"column":10}},"13":{"start":{"line":69,"column":10},"end":{"line":70,"column":24}},"14":{"start":{"line":70,"column":12},"end":{"line":70,"column":24}},"15":{"start":{"line":72,"column":8},"end":{"line":75,"column":38}},"16":{"start":{"line":73,"column":10},"end":{"line":73,"column":35}},"17":{"start":{"line":75,"column":10},"end":{"line":75,"column":38}},"18":{"start":{"line":76,"column":8},"end":{"line":78,"column":10}},"19":{"start":{"line":82,"column":8},"end":{"line":96,"column":13}},"20":{"start":{"line":84,"column":14},"end":{"line":84,"column":31}},"21":{"start":{"line":86,"column":14},"end":{"line":89,"column":17}},"22":{"start":{"line":93,"column":14},"end":{"line":95,"column":16}},"23":{"start":{"line":100,"column":8},"end":{"line":101,"column":58}},"24":{"start":{"line":101,"column":12},"end":{"line":101,"column":58}},"25":{"start":{"line":102,"column":8},"end":{"line":102,"column":20}},"26":{"start":{"line":106,"column":8},"end":{"line":107,"column":60}},"27":{"start":{"line":107,"column":12},"end":{"line":107,"column":60}},"28":{"start":{"line":108,"column":8},"end":{"line":108,"column":20}},"29":{"start":{"line":111,"column":8},"end":{"line":120,"column":19}}},"fnMap":{"0":{"name":"(anonymous_0)","decl":{"start":{"line":15,"column":4},"end":{"line":15,"column":5}},"loc":{"start":{"line":15,"column":42},"end":{"line":26,"column":5}},"line":15},"1":{"name":"(anonymous_1)","decl":{"start":{"line":30,"column":4},"end":{"line":30,"column":5}},"loc":{"start":{"line":30,"column":23},"end":{"line":32,"column":5}},"line":30},"2":{"name":"(anonymous_2)","decl":{"start":{"line":36,"column":4},"end":{"line":36,"column":5}},"loc":{"start":{"line":36,"column":27},"end":{"line":56,"column":7}},"line":36},"3":{"name":"(anonymous_3)","decl":{"start":{"line":58,"column":4},"end":{"line":58,"column":5}},"loc":{"start":{"line":58,"column":25},"end":{"line":63,"column":5}},"line":58},"4":{"name":"(anonymous_4)","decl":{"start":{"line":59,"column":52},"end":{"line":59,"column":53}},"loc":{"start":{"line":59,"column":58},"end":{"line":59,"column":83}},"line":59},"5":{"name":"(anonymous_5)","decl":{"start":{"line":65,"column":4},"end":{"line":65,"column":5}},"loc":{"start":{"line":65,"column":32},"end":{"line":79,"column":5}},"line":65},"6":{"name":"(anonymous_6)","decl":{"start":{"line":68,"column":52},"end":{"line":68,"column":53}},"loc":{"start":{"line":68,"column":66},"end":{"line":71,"column":9}},"line":68},"7":{"name":"(anonymous_7)","decl":{"start":{"line":81,"column":4},"end":{"line":81,"column":5}},"loc":{"start":{"line":81,"column":20},"end":{"line":97,"column":7}},"line":81},"8":{"name":"(anonymous_8)","decl":{"start":{"line":83,"column":18},"end":{"line":83,"column":19}},"loc":{"start":{"line":83,"column":28},"end":{"line":91,"column":13}},"line":83},"9":{"name":"(anonymous_9)","decl":{"start":{"line":92,"column":19},"end":{"line":92,"column":20}},"loc":{"start":{"line":92,"column":24},"end":{"line":96,"column":12}},"line":92},"10":{"name":"(anonymous_10)","decl":{"start":{"line":99,"column":4},"end":{"line":99,"column":5}},"loc":{"start":{"line":99,"column":26},"end":{"line":103,"column":5}},"line":99},"11":{"name":"(anonymous_11)","decl":{"start":{"line":105,"column":4},"end":{"line":105,"column":5}},"loc":{"start":{"line":105,"column":26},"end":{"line":109,"column":5}},"line":105},"12":{"name":"(anonymous_12)","decl":{"start":{"line":110,"column":4},"end":{"line":110,"column":5}},"loc":{"start":{"line":110,"column":12},"end":{"line":121,"column":5}},"line":110}},"branchMap":{"0":{"loc":{"start":{"line":59,"column":58},"end":{"line":59,"column":83}},"type":"cond-expr","locations":[{"start":{"line":59,"column":74},"end":{"line":59,"column":78}},{"start":{"line":59,"column":79},"end":{"line":59,"column":83}}],"line":59},"1":{"loc":{"start":{"line":69,"column":10},"end":{"line":70,"column":24}},"type":"if","locations":[{"start":{"line":69,"column":10},"end":{"line":70,"column":24}},{"start":{"line":69,"column":10},"end":{"line":70,"column":24}}],"line":69},"2":{"loc":{"start":{"line":72,"column":8},"end":{"line":75,"column":38}},"type":"if","locations":[{"start":{"line":72,"column":8},"end":{"line":75,"column":38}},{"start":{"line":72,"column":8},"end":{"line":75,"column":38}}],"line":72},"3":{"loc":{"start":{"line":100,"column":8},"end":{"line":101,"column":58}},"type":"if","locations":[{"start":{"line":100,"column":8},"end":{"line":101,"column":58}},{"start":{"line":100,"column":8},"end":{"line":101,"column":58}}],"line":100},"4":{"loc":{"start":{"line":106,"column":8},"end":{"line":107,"column":60}},"type":"if","locations":[{"start":{"line":106,"column":8},"end":{"line":107,"column":60}},{"start":{"line":106,"column":8},"end":{"line":107,"column":60}}],"line":106}},"s":{"0":1,"1":1,"2":1,"3":1,"4":1,"5":1,"6":3,"7":3,"8":1,"9":1,"10":1,"11":1,"12":1,"13":1,"14":0,"15":1,"16":1,"17":0,"18":1,"19":1,"20":0,"21":0,"22":0,"23":9,"24":8,"25":1,"26":9,"27":8,"28":1,"29":9},"f":{"0":1,"1":1,"2":3,"3":1,"4":1,"5":1,"6":1,"7":1,"8":0,"9":0,"10":9,"11":9,"12":9},"b":{"0":[0,1],"1":[0,1],"2":[1,0],"3":[8,1],"4":[8,1]},"_coverageSchema":"1a1c01bbd47fc00a2c39e90264f33305004495a9","hash":"e87cafce0fc64bb9834b5c3fe6ff9feffee35bb0"}
,"E:\\react\\c04-typescript\\src\\components\\TodoItemComponent.tsx": {"path":"E:\\react\\c04-typescript\\src\\components\\TodoItemComponent.tsx","statementMap":{"0":{"start":{"line":20,"column":4},"end":{"line":20,"column":16}},"1":{"start":{"line":24,"column":6},"end":{"line":24,"column":42}},"2":{"start":{"line":26,"column":6},"end":{"line":31,"column":9}},"3":{"start":{"line":27,"column":10},"end":{"line":29,"column":11}},"4":{"start":{"line":28,"column":14},"end":{"line":28,"column":52}},"5":{"start":{"line":37,"column":6},"end":{"line":42,"column":9}},"6":{"start":{"line":38,"column":8},"end":{"line":40,"column":9}},"7":{"start":{"line":39,"column":12},"end":{"line":39,"column":53}},"8":{"start":{"line":46,"column":4},"end":{"line":66,"column":6}},"9":{"start":{"line":50,"column":28},"end":{"line":50,"column":73}},"10":{"start":{"line":51,"column":27},"end":{"line":51,"column":71}},"11":{"start":{"line":54,"column":28},"end":{"line":54,"column":71}},"12":{"start":{"line":59,"column":35},"end":{"line":59,"column":88}},"13":{"start":{"line":60,"column":29},"end":{"line":60,"column":75}}},"fnMap":{"0":{"name":"(anonymous_0)","decl":{"start":{"line":19,"column":2},"end":{"line":19,"column":3}},"loc":{"start":{"line":19,"column":38},"end":{"line":21,"column":3}},"line":19},"1":{"name":"(anonymous_1)","decl":{"start":{"line":23,"column":2},"end":{"line":23,"column":3}},"loc":{"start":{"line":23,"column":28},"end":{"line":32,"column":3}},"line":23},"2":{"name":"(anonymous_2)","decl":{"start":{"line":26,"column":29},"end":{"line":26,"column":30}},"loc":{"start":{"line":26,"column":37},"end":{"line":31,"column":7}},"line":26},"3":{"name":"(anonymous_3)","decl":{"start":{"line":35,"column":2},"end":{"line":35,"column":3}},"loc":{"start":{"line":35,"column":28},"end":{"line":43,"column":3}},"line":35},"4":{"name":"(anonymous_4)","decl":{"start":{"line":37,"column":29},"end":{"line":37,"column":30}},"loc":{"start":{"line":37,"column":37},"end":{"line":42,"column":7}},"line":37},"5":{"name":"(anonymous_5)","decl":{"start":{"line":45,"column":2},"end":{"line":45,"column":3}},"loc":{"start":{"line":45,"column":10},"end":{"line":67,"column":3}},"line":45},"6":{"name":"(anonymous_6)","decl":{"start":{"line":50,"column":25},"end":{"line":50,"column":26}},"loc":{"start":{"line":50,"column":28},"end":{"line":50,"column":73}},"line":50},"7":{"name":"(anonymous_7)","decl":{"start":{"line":51,"column":24},"end":{"line":51,"column":25}},"loc":{"start":{"line":51,"column":27},"end":{"line":51,"column":71}},"line":51},"8":{"name":"(anonymous_8)","decl":{"start":{"line":54,"column":22},"end":{"line":54,"column":23}},"loc":{"start":{"line":54,"column":28},"end":{"line":54,"column":71}},"line":54},"9":{"name":"(anonymous_9)","decl":{"start":{"line":59,"column":21},"end":{"line":59,"column":22}},"loc":{"start":{"line":59,"column":34},"end":{"line":59,"column":89}},"line":59},"10":{"name":"(anonymous_10)","decl":{"start":{"line":60,"column":25},"end":{"line":60,"column":26}},"loc":{"start":{"line":60,"column":29},"end":{"line":60,"column":75}},"line":60}},"branchMap":{"0":{"loc":{"start":{"line":27,"column":10},"end":{"line":29,"column":11}},"type":"if","locations":[{"start":{"line":27,"column":10},"end":{"line":29,"column":11}},{"start":{"line":27,"column":10},"end":{"line":29,"column":11}}],"line":27},"1":{"loc":{"start":{"line":27,"column":13},"end":{"line":27,"column":36}},"type":"binary-expr","locations":[{"start":{"line":27,"column":13},"end":{"line":27,"column":17}},{"start":{"line":27,"column":21},"end":{"line":27,"column":36}}],"line":27},"2":{"loc":{"start":{"line":38,"column":8},"end":{"line":40,"column":9}},"type":"if","locations":[{"start":{"line":38,"column":8},"end":{"line":40,"column":9}},{"start":{"line":38,"column":8},"end":{"line":40,"column":9}}],"line":38},"3":{"loc":{"start":{"line":38,"column":11},"end":{"line":38,"column":34}},"type":"binary-expr","locations":[{"start":{"line":38,"column":11},"end":{"line":38,"column":15}},{"start":{"line":38,"column":19},"end":{"line":38,"column":34}}],"line":38},"4":{"loc":{"start":{"line":49,"column":39},"end":{"line":49,"column":81}},"type":"cond-expr","locations":[{"start":{"line":49,"column":66},"end":{"line":49,"column":76}},{"start":{"line":49,"column":79},"end":{"line":49,"column":81}}],"line":49},"5":{"loc":{"start":{"line":50,"column":49},"end":{"line":50,"column":72}},"type":"binary-expr","locations":[{"start":{"line":50,"column":49},"end":{"line":50,"column":68}},{"start":{"line":50,"column":70},"end":{"line":50,"column":72}}],"line":50},"6":{"loc":{"start":{"line":51,"column":47},"end":{"line":51,"column":70}},"type":"binary-expr","locations":[{"start":{"line":51,"column":47},"end":{"line":51,"column":66}},{"start":{"line":51,"column":68},"end":{"line":51,"column":70}}],"line":51},"7":{"loc":{"start":{"line":59,"column":64},"end":{"line":59,"column":87}},"type":"binary-expr","locations":[{"start":{"line":59,"column":64},"end":{"line":59,"column":83}},{"start":{"line":59,"column":85},"end":{"line":59,"column":87}}],"line":59},"8":{"loc":{"start":{"line":60,"column":51},"end":{"line":60,"column":74}},"type":"binary-expr","locations":[{"start":{"line":60,"column":51},"end":{"line":60,"column":70}},{"start":{"line":60,"column":72},"end":{"line":60,"column":74}}],"line":60}},"s":{"0":0,"1":0,"2":0,"3":0,"4":0,"5":0,"6":0,"7":0,"8":0,"9":0,"10":0,"11":0,"12":0,"13":0},"f":{"0":0,"1":0,"2":0,"3":0,"4":0,"5":0,"6":0,"7":0,"8":0,"9":0,"10":0},"b":{"0":[0,0],"1":[0,0],"2":[0,0],"3":[0,0],"4":[0,0],"5":[0,0],"6":[0,0],"7":[0,0],"8":[0,0]}}
,"E:\\react\\c04-typescript\\src\\components\\TodoListComponent.tsx": {"path":"E:\\react\\c04-typescript\\src\\components\\TodoListComponent.tsx","statementMap":{"0":{"start":{"line":18,"column":26},"end":{"line":18,"column":28}},"1":{"start":{"line":21,"column":4},"end":{"line":21,"column":17}},"2":{"start":{"line":22,"column":4},"end":{"line":22,"column":36}},"3":{"start":{"line":42,"column":2},"end":{"line":42,"column":66}},"4":{"start":{"line":43,"column":2},"end":{"line":46,"column":3}},"5":{"start":{"line":44,"column":21},"end":{"line":44,"column":46}},"6":{"start":{"line":45,"column":6},"end":{"line":45,"column":109}},"7":{"start":{"line":45,"column":81},"end":{"line":45,"column":106}},"8":{"start":{"line":50,"column":2},"end":{"line":51,"column":60}},"9":{"start":{"line":51,"column":6},"end":{"line":51,"column":60}},"10":{"start":{"line":55,"column":2},"end":{"line":56,"column":63}},"11":{"start":{"line":56,"column":6},"end":{"line":56,"column":63}},"12":{"start":{"line":59,"column":23},"end":{"line":59,"column":42}},"13":{"start":{"line":60,"column":6},"end":{"line":60,"column":28}},"14":{"start":{"line":61,"column":6},"end":{"line":61,"column":36}},"15":{"start":{"line":63,"column":6},"end":{"line":89,"column":15}},"16":{"start":{"line":65,"column":14},"end":{"line":86,"column":15}},"17":{"start":{"line":69,"column":38},"end":{"line":69,"column":67}},"18":{"start":{"line":70,"column":37},"end":{"line":70,"column":65}},"19":{"start":{"line":73,"column":38},"end":{"line":73,"column":70}},"20":{"start":{"line":80,"column":39},"end":{"line":80,"column":105}},"21":{"start":{"line":80,"column":67},"end":{"line":80,"column":105}},"22":{"start":{"line":81,"column":39},"end":{"line":81,"column":74}}},"fnMap":{"0":{"name":"(anonymous_0)","decl":{"start":{"line":20,"column":2},"end":{"line":20,"column":3}},"loc":{"start":{"line":20,"column":44},"end":{"line":24,"column":3}},"line":20},"1":{"name":"(anonymous_1)","decl":{"start":{"line":40,"column":0},"end":{"line":40,"column":1}},"loc":{"start":{"line":40,"column":61},"end":{"line":47,"column":1}},"line":40},"2":{"name":"(anonymous_2)","decl":{"start":{"line":45,"column":63},"end":{"line":45,"column":64}},"loc":{"start":{"line":45,"column":79},"end":{"line":45,"column":108}},"line":45},"3":{"name":"(anonymous_3)","decl":{"start":{"line":49,"column":0},"end":{"line":49,"column":1}},"loc":{"start":{"line":49,"column":31},"end":{"line":52,"column":1}},"line":49},"4":{"name":"(anonymous_4)","decl":{"start":{"line":54,"column":0},"end":{"line":54,"column":1}},"loc":{"start":{"line":54,"column":30},"end":{"line":57,"column":1}},"line":54},"5":{"name":"(anonymous_5)","decl":{"start":{"line":58,"column":4},"end":{"line":58,"column":5}},"loc":{"start":{"line":58,"column":12},"end":{"line":90,"column":5}},"line":58},"6":{"name":"(anonymous_6)","decl":{"start":{"line":64,"column":36},"end":{"line":64,"column":37}},"loc":{"start":{"line":64,"column":51},"end":{"line":87,"column":11}},"line":64},"7":{"name":"(anonymous_7)","decl":{"start":{"line":69,"column":35},"end":{"line":69,"column":36}},"loc":{"start":{"line":69,"column":38},"end":{"line":69,"column":67}},"line":69},"8":{"name":"(anonymous_8)","decl":{"start":{"line":70,"column":34},"end":{"line":70,"column":35}},"loc":{"start":{"line":70,"column":37},"end":{"line":70,"column":65}},"line":70},"9":{"name":"(anonymous_9)","decl":{"start":{"line":73,"column":32},"end":{"line":73,"column":33}},"loc":{"start":{"line":73,"column":38},"end":{"line":73,"column":70}},"line":73},"10":{"name":"(anonymous_10)","decl":{"start":{"line":80,"column":31},"end":{"line":80,"column":32}},"loc":{"start":{"line":80,"column":38},"end":{"line":80,"column":106}},"line":80},"11":{"name":"(anonymous_11)","decl":{"start":{"line":81,"column":35},"end":{"line":81,"column":36}},"loc":{"start":{"line":81,"column":39},"end":{"line":81,"column":74}},"line":81}},"branchMap":{"0":{"loc":{"start":{"line":43,"column":2},"end":{"line":46,"column":3}},"type":"if","locations":[{"start":{"line":43,"column":2},"end":{"line":46,"column":3}},{"start":{"line":43,"column":2},"end":{"line":46,"column":3}}],"line":43},"1":{"loc":{"start":{"line":50,"column":2},"end":{"line":51,"column":60}},"type":"if","locations":[{"start":{"line":50,"column":2},"end":{"line":51,"column":60}},{"start":{"line":50,"column":2},"end":{"line":51,"column":60}}],"line":50},"2":{"loc":{"start":{"line":55,"column":2},"end":{"line":56,"column":63}},"type":"if","locations":[{"start":{"line":55,"column":2},"end":{"line":56,"column":63}},{"start":{"line":55,"column":2},"end":{"line":56,"column":63}}],"line":55},"3":{"loc":{"start":{"line":64,"column":11},"end":{"line":87,"column":12}},"type":"binary-expr","locations":[{"start":{"line":64,"column":11},"end":{"line":64,"column":19}},{"start":{"line":64,"column":23},"end":{"line":87,"column":12}}],"line":64},"4":{"loc":{"start":{"line":68,"column":56},"end":{"line":68,"column":87}},"type":"cond-expr","locations":[{"start":{"line":68,"column":72},"end":{"line":68,"column":82}},{"start":{"line":68,"column":85},"end":{"line":68,"column":87}}],"line":68},"5":{"loc":{"start":{"line":80,"column":39},"end":{"line":80,"column":105}},"type":"if","locations":[{"start":{"line":80,"column":39},"end":{"line":80,"column":105}},{"start":{"line":80,"column":39},"end":{"line":80,"column":105}}],"line":80},"6":{"loc":{"start":{"line":81,"column":61},"end":{"line":81,"column":73}},"type":"binary-expr","locations":[{"start":{"line":81,"column":61},"end":{"line":81,"column":69}},{"start":{"line":81,"column":71},"end":{"line":81,"column":73}}],"line":81}},"s":{"0":5,"1":5,"2":5,"3":1,"4":1,"5":1,"6":1,"7":2,"8":1,"9":0,"10":1,"11":0,"12":5,"13":5,"14":5,"15":5,"16":5,"17":1,"18":1,"19":1,"20":0,"21":0,"22":1},"f":{"0":5,"1":1,"2":2,"3":1,"4":1,"5":5,"6":5,"7":1,"8":1,"9":1,"10":0,"11":1},"b":{"0":[1,0],"1":[0,1],"2":[0,1],"3":[5,5],"4":[0,5],"5":[0,0],"6":[1,0]},"_coverageSchema":"1a1c01bbd47fc00a2c39e90264f33305004495a9","hash":"2797d05e25c8adc26c04f7b7255976ac750e34aa"}
,"E:\\react\\c04-typescript\\src\\components\\NoteListComponent\\NoteListComponent.tsx": {"path":"E:\\react\\c04-typescript\\src\\components\\NoteListComponent\\NoteListComponent.tsx","statementMap":{"0":{"start":{"line":17,"column":50},"end":{"line":237,"column":1}},"1":{"start":{"line":18,"column":27},"end":{"line":24,"column":5}},"2":{"start":{"line":19,"column":8},"end":{"line":23,"column":9}},"3":{"start":{"line":25,"column":40},"end":{"line":25,"column":66}},"4":{"start":{"line":26,"column":36},"end":{"line":26,"column":60}},"5":{"start":{"line":27,"column":44},"end":{"line":27,"column":65}},"6":{"start":{"line":30,"column":22},"end":{"line":30,"column":36}},"7":{"start":{"line":31,"column":4},"end":{"line":33,"column":17}},"8":{"start":{"line":32,"column":8},"end":{"line":32,"column":19}},"9":{"start":{"line":35,"column":21},"end":{"line":42,"column":5}},"10":{"start":{"line":36,"column":22},"end":{"line":36,"column":66}},"11":{"start":{"line":36,"column":50},"end":{"line":36,"column":65}},"12":{"start":{"line":37,"column":8},"end":{"line":40,"column":9}},"13":{"start":{"line":38,"column":12},"end":{"line":38,"column":33}},"14":{"start":{"line":39,"column":12},"end":{"line":39,"column":29}},"15":{"start":{"line":44,"column":21},"end":{"line":59,"column":5}},"16":{"start":{"line":45,"column":8},"end":{"line":46,"column":19}},"17":{"start":{"line":46,"column":12},"end":{"line":46,"column":19}},"18":{"start":{"line":47,"column":8},"end":{"line":57,"column":9}},"19":{"start":{"line":48,"column":28},"end":{"line":52,"column":22}},"20":{"start":{"line":49,"column":24},"end":{"line":50,"column":55}},"21":{"start":{"line":50,"column":28},"end":{"line":50,"column":55}},"22":{"start":{"line":51,"column":24},"end":{"line":51,"column":36}},"23":{"start":{"line":53,"column":12},"end":{"line":53,"column":35}},"24":{"start":{"line":54,"column":12},"end":{"line":54,"column":30}},"25":{"start":{"line":56,"column":12},"end":{"line":56,"column":59}},"26":{"start":{"line":58,"column":8},"end":{"line":58,"column":39}},"27":{"start":{"line":61,"column":23},"end":{"line":67,"column":5}},"28":{"start":{"line":63,"column":22},"end":{"line":63,"column":76}},"29":{"start":{"line":63,"column":50},"end":{"line":63,"column":75}},"30":{"start":{"line":64,"column":8},"end":{"line":64,"column":31}},"31":{"start":{"line":65,"column":8},"end":{"line":65,"column":71}},"32":{"start":{"line":65,"column":44},"end":{"line":65,"column":69}},"33":{"start":{"line":66,"column":8},"end":{"line":66,"column":32}},"34":{"start":{"line":69,"column":19},"end":{"line":72,"column":5}},"35":{"start":{"line":70,"column":8},"end":{"line":70,"column":40}},"36":{"start":{"line":71,"column":8},"end":{"line":71,"column":27}},"37":{"start":{"line":74,"column":22},"end":{"line":79,"column":5}},"38":{"start":{"line":75,"column":8},"end":{"line":77,"column":9}},"39":{"start":{"line":76,"column":12},"end":{"line":76,"column":76}},"40":{"start":{"line":78,"column":8},"end":{"line":78,"column":20}},"41":{"start":{"line":81,"column":31},"end":{"line":86,"column":5}},"42":{"start":{"line":82,"column":8},"end":{"line":85,"column":24}},"43":{"start":{"line":83,"column":12},"end":{"line":83,"column":47}},"44":{"start":{"line":85,"column":12},"end":{"line":85,"column":24}},"45":{"start":{"line":89,"column":30},"end":{"line":94,"column":5}},"46":{"start":{"line":90,"column":8},"end":{"line":93,"column":32}},"47":{"start":{"line":91,"column":12},"end":{"line":91,"column":34}},"48":{"start":{"line":93,"column":12},"end":{"line":93,"column":32}},"49":{"start":{"line":96,"column":22},"end":{"line":139,"column":5}},"50":{"start":{"line":97,"column":40},"end":{"line":97,"column":46}},"51":{"start":{"line":100,"column":8},"end":{"line":102,"column":9}},"52":{"start":{"line":101,"column":12},"end":{"line":101,"column":19}},"53":{"start":{"line":104,"column":8},"end":{"line":138,"column":9}},"54":{"start":{"line":105,"column":33},"end":{"line":109,"column":13}},"55":{"start":{"line":118,"column":12},"end":{"line":122,"column":13}},"56":{"start":{"line":119,"column":16},"end":{"line":119,"column":45}},"57":{"start":{"line":121,"column":16},"end":{"line":121,"column":44}},"58":{"start":{"line":125,"column":27},"end":{"line":130,"column":13}},"59":{"start":{"line":136,"column":12},"end":{"line":136,"column":44}},"60":{"start":{"line":137,"column":12},"end":{"line":137,"column":46}},"61":{"start":{"line":141,"column":26},"end":{"line":180,"column":5}},"62":{"start":{"line":142,"column":8},"end":{"line":179,"column":16}},"63":{"start":{"line":145,"column":38},"end":{"line":177,"column":15}},"64":{"start":{"line":152,"column":24},"end":{"line":173,"column":36}},"65":{"start":{"line":158,"column":32},"end":{"line":170,"column":38}},"66":{"start":{"line":168,"column":96},"end":{"line":168,"column":114}},"67":{"start":{"line":169,"column":98},"end":{"line":169,"column":118}},"68":{"start":{"line":182,"column":30},"end":{"line":217,"column":5}},"69":{"start":{"line":183,"column":8},"end":{"line":216,"column":16}},"70":{"start":{"line":187,"column":20},"end":{"line":213,"column":26}},"71":{"start":{"line":193,"column":28},"end":{"line":210,"column":40}},"72":{"start":{"line":198,"column":36},"end":{"line":208,"column":42}},"73":{"start":{"line":207,"column":102},"end":{"line":207,"column":122}},"74":{"start":{"line":219,"column":4},"end":{"line":236,"column":12}}},"fnMap":{"0":{"name":"(anonymous_0)","decl":{"start":{"line":17,"column":50},"end":{"line":17,"column":51}},"loc":{"start":{"line":17,"column":59},"end":{"line":237,"column":1}},"line":17},"1":{"name":"(anonymous_1)","decl":{"start":{"line":18,"column":27},"end":{"line":18,"column":28}},"loc":{"start":{"line":18,"column":32},"end":{"line":24,"column":5}},"line":18},"2":{"name":"(anonymous_2)","decl":{"start":{"line":31,"column":14},"end":{"line":31,"column":15}},"loc":{"start":{"line":31,"column":18},"end":{"line":33,"column":5}},"line":31},"3":{"name":"(anonymous_3)","decl":{"start":{"line":35,"column":21},"end":{"line":35,"column":22}},"loc":{"start":{"line":35,"column":34},"end":{"line":42,"column":5}},"line":35},"4":{"name":"(anonymous_4)","decl":{"start":{"line":36,"column":42},"end":{"line":36,"column":43}},"loc":{"start":{"line":36,"column":50},"end":{"line":36,"column":65}},"line":36},"5":{"name":"(anonymous_5)","decl":{"start":{"line":44,"column":21},"end":{"line":44,"column":22}},"loc":{"start":{"line":44,"column":25},"end":{"line":59,"column":5}},"line":44},"6":{"name":"(anonymous_6)","decl":{"start":{"line":48,"column":47},"end":{"line":48,"column":48}},"loc":{"start":{"line":48,"column":55},"end":{"line":52,"column":21}},"line":48},"7":{"name":"(anonymous_7)","decl":{"start":{"line":61,"column":23},"end":{"line":61,"column":24}},"loc":{"start":{"line":61,"column":36},"end":{"line":67,"column":5}},"line":61},"8":{"name":"(anonymous_8)","decl":{"start":{"line":63,"column":44},"end":{"line":63,"column":45}},"loc":{"start":{"line":63,"column":50},"end":{"line":63,"column":75}},"line":63},"9":{"name":"(anonymous_9)","decl":{"start":{"line":65,"column":38},"end":{"line":65,"column":39}},"loc":{"start":{"line":65,"column":44},"end":{"line":65,"column":69}},"line":65},"10":{"name":"(anonymous_10)","decl":{"start":{"line":69,"column":19},"end":{"line":69,"column":20}},"loc":{"start":{"line":69,"column":23},"end":{"line":72,"column":5}},"line":69},"11":{"name":"(anonymous_11)","decl":{"start":{"line":74,"column":22},"end":{"line":74,"column":23}},"loc":{"start":{"line":74,"column":27},"end":{"line":79,"column":5}},"line":74},"12":{"name":"(anonymous_12)","decl":{"start":{"line":81,"column":31},"end":{"line":81,"column":32}},"loc":{"start":{"line":81,"column":48},"end":{"line":86,"column":5}},"line":81},"13":{"name":"(anonymous_13)","decl":{"start":{"line":89,"column":30},"end":{"line":89,"column":31}},"loc":{"start":{"line":89,"column":45},"end":{"line":94,"column":5}},"line":89},"14":{"name":"(anonymous_14)","decl":{"start":{"line":96,"column":22},"end":{"line":96,"column":23}},"loc":{"start":{"line":96,"column":45},"end":{"line":139,"column":5}},"line":96},"15":{"name":"(anonymous_15)","decl":{"start":{"line":141,"column":26},"end":{"line":141,"column":27}},"loc":{"start":{"line":141,"column":30},"end":{"line":180,"column":5}},"line":141},"16":{"name":"(anonymous_16)","decl":{"start":{"line":145,"column":13},"end":{"line":145,"column":14}},"loc":{"start":{"line":145,"column":38},"end":{"line":177,"column":15}},"line":145},"17":{"name":"(anonymous_17)","decl":{"start":{"line":151,"column":40},"end":{"line":151,"column":41}},"loc":{"start":{"line":152,"column":24},"end":{"line":173,"column":36}},"line":152},"18":{"name":"(anonymous_18)","decl":{"start":{"line":156,"column":29},"end":{"line":156,"column":30}},"loc":{"start":{"line":158,"column":32},"end":{"line":170,"column":38}},"line":158},"19":{"name":"(anonymous_19)","decl":{"start":{"line":168,"column":92},"end":{"line":168,"column":93}},"loc":{"start":{"line":168,"column":96},"end":{"line":168,"column":114}},"line":168},"20":{"name":"(anonymous_20)","decl":{"start":{"line":169,"column":94},"end":{"line":169,"column":95}},"loc":{"start":{"line":169,"column":98},"end":{"line":169,"column":118}},"line":169},"21":{"name":"(anonymous_21)","decl":{"start":{"line":182,"column":30},"end":{"line":182,"column":31}},"loc":{"start":{"line":182,"column":34},"end":{"line":217,"column":5}},"line":182},"22":{"name":"(anonymous_22)","decl":{"start":{"line":186,"column":17},"end":{"line":186,"column":18}},"loc":{"start":{"line":187,"column":20},"end":{"line":213,"column":26}},"line":187},"23":{"name":"(anonymous_23)","decl":{"start":{"line":192,"column":42},"end":{"line":192,"column":43}},"loc":{"start":{"line":193,"column":28},"end":{"line":210,"column":40}},"line":193},"24":{"name":"(anonymous_24)","decl":{"start":{"line":197,"column":33},"end":{"line":197,"column":34}},"loc":{"start":{"line":198,"column":36},"end":{"line":208,"column":42}},"line":198},"25":{"name":"(anonymous_25)","decl":{"start":{"line":207,"column":98},"end":{"line":207,"column":99}},"loc":{"start":{"line":207,"column":102},"end":{"line":207,"column":122}},"line":207}},"branchMap":{"0":{"loc":{"start":{"line":37,"column":8},"end":{"line":40,"column":9}},"type":"if","locations":[{"start":{"line":37,"column":8},"end":{"line":40,"column":9}},{"start":{"line":37,"column":8},"end":{"line":40,"column":9}}],"line":37},"1":{"loc":{"start":{"line":45,"column":8},"end":{"line":46,"column":19}},"type":"if","locations":[{"start":{"line":45,"column":8},"end":{"line":46,"column":19}},{"start":{"line":45,"column":8},"end":{"line":46,"column":19}}],"line":45},"2":{"loc":{"start":{"line":47,"column":8},"end":{"line":57,"column":9}},"type":"if","locations":[{"start":{"line":47,"column":8},"end":{"line":57,"column":9}},{"start":{"line":47,"column":8},"end":{"line":57,"column":9}}],"line":47},"3":{"loc":{"start":{"line":49,"column":24},"end":{"line":50,"column":55}},"type":"if","locations":[{"start":{"line":49,"column":24},"end":{"line":50,"column":55}},{"start":{"line":49,"column":24},"end":{"line":50,"column":55}}],"line":49},"4":{"loc":{"start":{"line":63,"column":50},"end":{"line":63,"column":75}},"type":"cond-expr","locations":[{"start":{"line":63,"column":66},"end":{"line":63,"column":70}},{"start":{"line":63,"column":71},"end":{"line":63,"column":75}}],"line":63},"5":{"loc":{"start":{"line":65,"column":44},"end":{"line":65,"column":69}},"type":"cond-expr","locations":[{"start":{"line":65,"column":60},"end":{"line":65,"column":64}},{"start":{"line":65,"column":65},"end":{"line":65,"column":69}}],"line":65},"6":{"loc":{"start":{"line":75,"column":8},"end":{"line":77,"column":9}},"type":"if","locations":[{"start":{"line":75,"column":8},"end":{"line":77,"column":9}},{"start":{"line":75,"column":8},"end":{"line":77,"column":9}}],"line":75},"7":{"loc":{"start":{"line":82,"column":8},"end":{"line":85,"column":24}},"type":"if","locations":[{"start":{"line":82,"column":8},"end":{"line":85,"column":24}},{"start":{"line":82,"column":8},"end":{"line":85,"column":24}}],"line":82},"8":{"loc":{"start":{"line":90,"column":8},"end":{"line":93,"column":32}},"type":"if","locations":[{"start":{"line":90,"column":8},"end":{"line":93,"column":32}},{"start":{"line":90,"column":8},"end":{"line":93,"column":32}}],"line":90},"9":{"loc":{"start":{"line":100,"column":8},"end":{"line":102,"column":9}},"type":"if","locations":[{"start":{"line":100,"column":8},"end":{"line":102,"column":9}},{"start":{"line":100,"column":8},"end":{"line":102,"column":9}}],"line":100},"10":{"loc":{"start":{"line":104,"column":8},"end":{"line":138,"column":9}},"type":"if","locations":[{"start":{"line":104,"column":8},"end":{"line":138,"column":9}},{"start":{"line":104,"column":8},"end":{"line":138,"column":9}}],"line":104},"11":{"loc":{"start":{"line":118,"column":12},"end":{"line":122,"column":13}},"type":"if","locations":[{"start":{"line":118,"column":12},"end":{"line":122,"column":13}},{"start":{"line":118,"column":12},"end":{"line":122,"column":13}}],"line":118}},"s":{"0":2,"1":2,"2":2,"3":2,"4":2,"5":2,"6":2,"7":2,"8":0,"9":2,"10":0,"11":0,"12":0,"13":0,"14":0,"15":2,"16":0,"17":0,"18":0,"19":0,"20":0,"21":0,"22":0,"23":0,"24":0,"25":0,"26":0,"27":2,"28":0,"29":0,"30":0,"31":0,"32":0,"33":0,"34":2,"35":0,"36":0,"37":2,"38":2,"39":1,"40":1,"41":2,"42":0,"43":0,"44":0,"45":2,"46":0,"47":0,"48":0,"49":2,"50":0,"51":0,"52":0,"53":0,"54":0,"55":0,"56":0,"57":0,"58":0,"59":0,"60":0,"61":2,"62":2,"63":0,"64":0,"65":0,"66":0,"67":0,"68":2,"69":2,"70":0,"71":0,"72":0,"73":0,"74":2},"f":{"0":2,"1":2,"2":0,"3":0,"4":0,"5":0,"6":0,"7":0,"8":0,"9":0,"10":0,"11":2,"12":0,"13":0,"14":0,"15":2,"16":0,"17":0,"18":0,"19":0,"20":0,"21":2,"22":0,"23":0,"24":0,"25":0},"b":{"0":[0,0],"1":[0,0],"2":[0,0],"3":[0,0],"4":[0,0],"5":[0,0],"6":[1,1],"7":[0,0],"8":[0,0],"9":[0,0],"10":[0,0],"11":[0,0]},"_coverageSchema":"1a1c01bbd47fc00a2c39e90264f33305004495a9","hash":"fc0eca4e028f566c37a7a7eb2bad840103931103"}
,"E:\\react\\c04-typescript\\src\\components\\NoteListComponent\\index.tsx": {"path":"E:\\react\\c04-typescript\\src\\components\\NoteListComponent\\index.tsx","statementMap":{"0":{"start":{"line":17,"column":24},"end":{"line":23,"column":3}},"1":{"start":{"line":18,"column":6},"end":{"line":22,"column":7}},"2":{"start":{"line":25,"column":27},"end":{"line":31,"column":1}},"3":{"start":{"line":27,"column":4},"end":{"line":30,"column":6}},"4":{"start":{"line":28,"column":22},"end":{"line":28,"column":42}},"5":{"start":{"line":29,"column":41},"end":{"line":29,"column":85}}},"fnMap":{"0":{"name":"(anonymous_0)","decl":{"start":{"line":17,"column":24},"end":{"line":17,"column":25}},"loc":{"start":{"line":17,"column":38},"end":{"line":23,"column":3}},"line":17},"1":{"name":"(anonymous_1)","decl":{"start":{"line":25,"column":27},"end":{"line":25,"column":28}},"loc":{"start":{"line":25,"column":52},"end":{"line":31,"column":1}},"line":25},"2":{"name":"(anonymous_2)","decl":{"start":{"line":28,"column":16},"end":{"line":28,"column":17}},"loc":{"start":{"line":28,"column":22},"end":{"line":28,"column":42}},"line":28},"3":{"name":"(anonymous_3)","decl":{"start":{"line":29,"column":16},"end":{"line":29,"column":17}},"loc":{"start":{"line":29,"column":41},"end":{"line":29,"column":85}},"line":29}},"branchMap":{},"s":{"0":1,"1":0,"2":1,"3":0,"4":0,"5":0},"f":{"0":0,"1":0,"2":0,"3":0},"b":{},"_coverageSchema":"1a1c01bbd47fc00a2c39e90264f33305004495a9","hash":"25122ea1bba6fa3c3da4f0f48c8ef36f6e78ad18"}
,"E:\\react\\c04-typescript\\src\\components\\NoteListComponent\\noteListUtility.tsx": {"path":"E:\\react\\c04-typescript\\src\\components\\NoteListComponent\\noteListUtility.tsx","statementMap":{"0":{"start":{"line":2,"column":23},"end":{"line":8,"column":1}},"1":{"start":{"line":3,"column":19},"end":{"line":3,"column":35}},"2":{"start":{"line":4,"column":22},"end":{"line":4,"column":50}},"3":{"start":{"line":5,"column":4},"end":{"line":5,"column":40}},"4":{"start":{"line":7,"column":4},"end":{"line":7,"column":18}},"5":{"start":{"line":13,"column":20},"end":{"line":25,"column":1}},"6":{"start":{"line":14,"column":24},"end":{"line":14,"column":42}},"7":{"start":{"line":15,"column":22},"end":{"line":15,"column":45}},"8":{"start":{"line":16,"column":22},"end":{"line":16,"column":66}},"9":{"start":{"line":18,"column":4},"end":{"line":18,"column":61}},"10":{"start":{"line":20,"column":4},"end":{"line":24,"column":5}},"11":{"start":{"line":21,"column":8},"end":{"line":21,"column":64}},"12":{"start":{"line":23,"column":8},"end":{"line":23,"column":64}},"13":{"start":{"line":27,"column":13},"end":{"line":27,"column":14}},"14":{"start":{"line":29,"column":28},"end":{"line":40,"column":2}},"15":{"start":{"line":29,"column":73},"end":{"line":40,"column":1}},"16":{"start":{"line":42,"column":32},"end":{"line":55,"column":2}},"17":{"start":{"line":42,"column":77},"end":{"line":55,"column":1}},"18":{"start":{"line":57,"column":28},"end":{"line":61,"column":2}},"19":{"start":{"line":57,"column":56},"end":{"line":61,"column":1}},"20":{"start":{"line":62,"column":32},"end":{"line":66,"column":2}},"21":{"start":{"line":62,"column":60},"end":{"line":66,"column":1}}},"fnMap":{"0":{"name":"(anonymous_0)","decl":{"start":{"line":2,"column":23},"end":{"line":2,"column":24}},"loc":{"start":{"line":2,"column":77},"end":{"line":8,"column":1}},"line":2},"1":{"name":"(anonymous_1)","decl":{"start":{"line":13,"column":20},"end":{"line":13,"column":21}},"loc":{"start":{"line":13,"column":108},"end":{"line":25,"column":1}},"line":13},"2":{"name":"(anonymous_2)","decl":{"start":{"line":29,"column":28},"end":{"line":29,"column":29}},"loc":{"start":{"line":29,"column":73},"end":{"line":40,"column":1}},"line":29},"3":{"name":"(anonymous_3)","decl":{"start":{"line":42,"column":32},"end":{"line":42,"column":33}},"loc":{"start":{"line":42,"column":77},"end":{"line":55,"column":1}},"line":42},"4":{"name":"(anonymous_4)","decl":{"start":{"line":57,"column":28},"end":{"line":57,"column":29}},"loc":{"start":{"line":57,"column":56},"end":{"line":61,"column":1}},"line":57},"5":{"name":"(anonymous_5)","decl":{"start":{"line":62,"column":32},"end":{"line":62,"column":33}},"loc":{"start":{"line":62,"column":60},"end":{"line":66,"column":1}},"line":62}},"branchMap":{"0":{"loc":{"start":{"line":20,"column":4},"end":{"line":24,"column":5}},"type":"if","locations":[{"start":{"line":20,"column":4},"end":{"line":24,"column":5}},{"start":{"line":20,"column":4},"end":{"line":24,"column":5}}],"line":20},"1":{"loc":{"start":{"line":36,"column":16},"end":{"line":36,"column":50}},"type":"cond-expr","locations":[{"start":{"line":36,"column":29},"end":{"line":36,"column":38}},{"start":{"line":36,"column":41},"end":{"line":36,"column":50}}],"line":36},"2":{"loc":{"start":{"line":50,"column":16},"end":{"line":50,"column":50}},"type":"cond-expr","locations":[{"start":{"line":50,"column":29},"end":{"line":50,"column":38}},{"start":{"line":50,"column":41},"end":{"line":50,"column":50}}],"line":50},"3":{"loc":{"start":{"line":58,"column":16},"end":{"line":58,"column":54}},"type":"cond-expr","locations":[{"start":{"line":58,"column":33},"end":{"line":58,"column":42}},{"start":{"line":58,"column":45},"end":{"line":58,"column":54}}],"line":58},"4":{"loc":{"start":{"line":63,"column":16},"end":{"line":63,"column":56}},"type":"cond-expr","locations":[{"start":{"line":63,"column":33},"end":{"line":63,"column":44}},{"start":{"line":63,"column":47},"end":{"line":63,"column":56}}],"line":63}},"s":{"0":2,"1":0,"2":0,"3":0,"4":0,"5":2,"6":0,"7":0,"8":0,"9":0,"10":0,"11":0,"12":0,"13":2,"14":2,"15":0,"16":2,"17":0,"18":2,"19":0,"20":2,"21":0},"f":{"0":0,"1":0,"2":0,"3":0,"4":0,"5":0},"b":{"0":[0,0],"1":[0,0],"2":[0,0],"3":[0,0],"4":[0,0]},"_coverageSchema":"1a1c01bbd47fc00a2c39e90264f33305004495a9","hash":"782ec295c9fb2b49a274f0c992f263563a26afb1"}
,"E:\\react\\c04-typescript\\src\\config\\createStore.tsx": {"path":"E:\\react\\c04-typescript\\src\\config\\createStore.tsx","statementMap":{"0":{"start":{"line":5,"column":21},"end":{"line":5,"column":66}}},"fnMap":{},"branchMap":{},"s":{"0":1},"f":{},"b":{},"_coverageSchema":"1a1c01bbd47fc00a2c39e90264f33305004495a9","hash":"fb6dee45477ed7ede9500c223a6c43d67024e556"}
,"E:\\react\\c04-typescript\\src\\config\\http-common.tsx": {"path":"E:\\react\\c04-typescript\\src\\config\\http-common.tsx","statementMap":{"0":{"start":{"line":3,"column":35},"end":{"line":8,"column":2}}},"fnMap":{},"branchMap":{},"s":{"0":3},"f":{},"b":{},"_coverageSchema":"1a1c01bbd47fc00a2c39e90264f33305004495a9","hash":"f19429b3ce946ea91d31d7c72f92fb86e4471f3f"}
,"E:\\react\\c04-typescript\\src\\pages\\Home.tsx": {"path":"E:\\react\\c04-typescript\\src\\pages\\Home.tsx","statementMap":{"0":{"start":{"line":3,"column":13},"end":{"line":5,"column":1}},"1":{"start":{"line":4,"column":4},"end":{"line":4,"column":26}}},"fnMap":{"0":{"name":"(anonymous_0)","decl":{"start":{"line":3,"column":13},"end":{"line":3,"column":14}},"loc":{"start":{"line":3,"column":18},"end":{"line":5,"column":1}},"line":3}},"branchMap":{},"s":{"0":1,"1":0},"f":{"0":0},"b":{},"_coverageSchema":"1a1c01bbd47fc00a2c39e90264f33305004495a9","hash":"af87a39fae9b1a233c720c2008f8bd9cea5faf9f"}
,"E:\\react\\c04-typescript\\src\\reducers\\index.tsx": {"path":"E:\\react\\c04-typescript\\src\\reducers\\index.tsx","statementMap":{},"fnMap":{},"branchMap":{},"s":{},"f":{},"b":{},"_coverageSchema":"1a1c01bbd47fc00a2c39e90264f33305004495a9","hash":"ad05266caa3d4d8d41a521f5e26081451980b5bd"}
,"E:\\react\\c04-typescript\\src\\reducers\\noteReducer.ts": {"path":"E:\\react\\c04-typescript\\src\\reducers\\noteReducer.ts","statementMap":{"0":{"start":{"line":2,"column":31},"end":{"line":6,"column":1}},"1":{"start":{"line":7,"column":27},"end":{"line":27,"column":3}},"2":{"start":{"line":11,"column":4},"end":{"line":26,"column":5}},"3":{"start":{"line":13,"column":12},"end":{"line":17,"column":13}},"4":{"start":{"line":19,"column":12},"end":{"line":23,"column":13}},"5":{"start":{"line":25,"column":17},"end":{"line":25,"column":30}}},"fnMap":{"0":{"name":"(anonymous_0)","decl":{"start":{"line":7,"column":27},"end":{"line":7,"column":28}},"loc":{"start":{"line":10,"column":18},"end":{"line":27,"column":3}},"line":10}},"branchMap":{"0":{"loc":{"start":{"line":8,"column":4},"end":{"line":8,"column":24}},"type":"default-arg","locations":[{"start":{"line":8,"column":12},"end":{"line":8,"column":24}}],"line":8},"1":{"loc":{"start":{"line":11,"column":4},"end":{"line":26,"column":5}},"type":"switch","locations":[{"start":{"line":12,"column":8},"end":{"line":17,"column":13}},{"start":{"line":18,"column":8},"end":{"line":23,"column":13}},{"start":{"line":25,"column":8},"end":{"line":25,"column":30}}],"line":11}},"s":{"0":2,"1":2,"2":5,"3":1,"4":0,"5":4},"f":{"0":5},"b":{"0":[5],"1":[1,0,4]},"_coverageSchema":"1a1c01bbd47fc00a2c39e90264f33305004495a9","hash":"0b5250421848948e89ee9b6b32c20cf4855458fc"}
,"E:\\react\\c04-typescript\\src\\services\\NoteService.tsx": {"path":"E:\\react\\c04-typescript\\src\\services\\NoteService.tsx","statementMap":{"0":{"start":{"line":17,"column":8},"end":{"line":17,"column":44}},"1":{"start":{"line":21,"column":6},"end":{"line":21,"column":49}}},"fnMap":{"0":{"name":"(anonymous_0)","decl":{"start":{"line":16,"column":2},"end":{"line":16,"column":3}},"loc":{"start":{"line":16,"column":18},"end":{"line":18,"column":3}},"line":16},"1":{"name":"(anonymous_1)","decl":{"start":{"line":20,"column":3},"end":{"line":20,"column":4}},"loc":{"start":{"line":20,"column":30},"end":{"line":22,"column":5}},"line":20}},"branchMap":{},"s":{"0":2,"1":0},"f":{"0":2,"1":0},"b":{},"_coverageSchema":"1a1c01bbd47fc00a2c39e90264f33305004495a9","hash":"3998a8bb525329f4e37cf44822f116262fa0c8dc"}
}
