TN:
SF:src\App.tsx
FN:20,(anonymous_0)
FNF:1
FNH:1
FNDA:1,(anonymous_0)
DA:20,1
DA:21,1
LF:2
LH:2
BRF:0
BRH:0
end_of_record
TN:
SF:src\actions\noteAction.ts
FN:25,(anonymous_0)
FN:25,(anonymous_1)
FN:27,(anonymous_2)
FN:33,(anonymous_3)
FNF:4
FNH:2
FNDA:1,(anonymous_0)
FNDA:1,(anonymous_1)
FNDA:0,(anonymous_2)
FNDA:0,(anonymous_3)
DA:25,2
DA:26,1
DA:29,0
DA:34,0
DA:35,0
DA:36,0
LF:6
LH:2
BRF:0
BRH:0
end_of_record
TN:
SF:src\actions\types.ts
FNF:0
FNH:0
DA:1,3
DA:2,3
LF:2
LH:2
BRF:0
BRH:0
end_of_record
TN:
SF:src\components\AddNoteComponent.tsx
FN:12,(anonymous_0)
FN:14,(anonymous_1)
FN:19,(anonymous_2)
FN:21,(anonymous_3)
FN:26,(anonymous_4)
FN:27,(anonymous_5)
FNF:6
FNH:5
FNDA:4,(anonymous_0)
FNDA:1,(anonymous_1)
FNDA:4,(anonymous_2)
FNDA:0,(anonymous_3)
FNDA:1,(anonymous_4)
FNDA:1,(anonymous_5)
DA:12,3
DA:14,4
DA:15,1
DA:16,1
DA:19,4
DA:20,4
DA:21,1
DA:22,3
DA:25,4
DA:26,1
DA:27,1
LF:11
LH:11
BRDA:20,0,0,1
BRDA:20,0,1,3
BRDA:27,1,0,1
BRDA:27,1,1,3
BRF:4
BRH:4
end_of_record
TN:
SF:src\components\AddTodoComponent.tsx
FN:8,(anonymous_0)
FN:11,(anonymous_1)
FN:15,(anonymous_2)
FN:23,(anonymous_3)
FNF:4
FNH:3
FNDA:3,(anonymous_0)
FNDA:1,(anonymous_1)
FNDA:0,(anonymous_2)
FNDA:1,(anonymous_3)
DA:8,3
DA:9,3
DA:11,3
DA:12,1
DA:15,3
DA:16,0
DA:17,0
DA:18,0
DA:21,3
DA:23,1
LF:10
LH:7
BRF:0
BRH:0
end_of_record
TN:
SF:src\components\LoginFormComponent.tsx
FN:3,(anonymous_0)
FNF:1
FNH:0
FNDA:0,(anonymous_0)
DA:3,1
DA:4,0
LF:2
LH:1
BRF:0
BRH:0
end_of_record
TN:
SF:src\components\MenuComponent.tsx
FN:4,(anonymous_0)
FNF:1
FNH:0
FNDA:0,(anonymous_0)
DA:4,1
DA:5,0
LF:2
LH:1
BRF:0
BRH:0
end_of_record
TN:
SF:src\components\NotFoundPageComponent.tsx
FN:3,(anonymous_0)
FNF:1
FNH:0
FNDA:0,(anonymous_0)
DA:3,1
DA:4,0
LF:2
LH:1
BRF:0
BRH:0
end_of_record
TN:
SF:src\components\RegisterFormComponent.tsx
FN:3,(anonymous_0)
FNF:1
FNH:0
FNDA:0,(anonymous_0)
DA:3,1
DA:4,0
LF:2
LH:1
BRF:0
BRH:0
end_of_record
TN:
SF:src\components\TodoComponent.tsx
FN:15,(anonymous_0)
FN:30,(anonymous_1)
FN:36,(anonymous_2)
FN:58,(anonymous_3)
FN:59,(anonymous_4)
FN:65,(anonymous_5)
FN:68,(anonymous_6)
FN:81,(anonymous_7)
FN:83,(anonymous_8)
FN:92,(anonymous_9)
FN:99,(anonymous_10)
FN:105,(anonymous_11)
FN:110,(anonymous_12)
FNF:13
FNH:11
FNDA:1,(anonymous_0)
FNDA:1,(anonymous_1)
FNDA:3,(anonymous_2)
FNDA:1,(anonymous_3)
FNDA:1,(anonymous_4)
FNDA:1,(anonymous_5)
FNDA:1,(anonymous_6)
FNDA:1,(anonymous_7)
FNDA:0,(anonymous_8)
FNDA:0,(anonymous_9)
FNDA:9,(anonymous_10)
FNDA:9,(anonymous_11)
FNDA:9,(anonymous_12)
DA:16,1
DA:17,1
DA:23,1
DA:24,1
DA:25,1
DA:31,1
DA:37,3
DA:39,3
DA:59,1
DA:60,1
DA:67,1
DA:68,1
DA:69,1
DA:70,0
DA:72,1
DA:73,1
DA:75,0
DA:76,1
DA:82,1
DA:84,0
DA:86,0
DA:93,0
DA:100,9
DA:101,8
DA:102,1
DA:106,9
DA:107,8
DA:108,1
DA:111,9
LF:29
LH:24
BRDA:59,0,0,0
BRDA:59,0,1,1
BRDA:69,1,0,0
BRDA:69,1,1,1
BRDA:72,2,0,1
BRDA:72,2,1,0
BRDA:100,3,0,8
BRDA:100,3,1,1
BRDA:106,4,0,8
BRDA:106,4,1,1
BRF:10
BRH:7
end_of_record
TN:
SF:src\components\TodoItemComponent.tsx
FN:19,(anonymous_0)
FN:23,(anonymous_1)
FN:26,(anonymous_2)
FN:35,(anonymous_3)
FN:37,(anonymous_4)
FN:45,(anonymous_5)
FN:50,(anonymous_6)
FN:51,(anonymous_7)
FN:54,(anonymous_8)
FN:59,(anonymous_9)
FN:60,(anonymous_10)
FNF:11
FNH:0
FNDA:0,(anonymous_0)
FNDA:0,(anonymous_1)
FNDA:0,(anonymous_2)
FNDA:0,(anonymous_3)
FNDA:0,(anonymous_4)
FNDA:0,(anonymous_5)
FNDA:0,(anonymous_6)
FNDA:0,(anonymous_7)
FNDA:0,(anonymous_8)
FNDA:0,(anonymous_9)
FNDA:0,(anonymous_10)
DA:20,0
DA:24,0
DA:26,0
DA:27,0
DA:28,0
DA:37,0
DA:38,0
DA:39,0
DA:46,0
DA:50,0
DA:51,0
DA:54,0
DA:59,0
DA:60,0
LF:14
LH:0
BRDA:27,0,0,0
BRDA:27,0,1,0
BRDA:27,1,0,0
BRDA:27,1,1,0
BRDA:38,2,0,0
BRDA:38,2,1,0
BRDA:38,3,0,0
BRDA:38,3,1,0
BRDA:49,4,0,0
BRDA:49,4,1,0
BRDA:50,5,0,0
BRDA:50,5,1,0
BRDA:51,6,0,0
BRDA:51,6,1,0
BRDA:59,7,0,0
BRDA:59,7,1,0
BRDA:60,8,0,0
BRDA:60,8,1,0
BRF:18
BRH:0
end_of_record
TN:
SF:src\components\TodoListComponent.tsx
FN:20,(anonymous_0)
FN:40,(anonymous_1)
FN:45,(anonymous_2)
FN:49,(anonymous_3)
FN:54,(anonymous_4)
FN:58,(anonymous_5)
FN:64,(anonymous_6)
FN:69,(anonymous_7)
FN:70,(anonymous_8)
FN:73,(anonymous_9)
FN:80,(anonymous_10)
FN:81,(anonymous_11)
FNF:12
FNH:11
FNDA:5,(anonymous_0)
FNDA:1,(anonymous_1)
FNDA:2,(anonymous_2)
FNDA:1,(anonymous_3)
FNDA:1,(anonymous_4)
FNDA:5,(anonymous_5)
FNDA:5,(anonymous_6)
FNDA:1,(anonymous_7)
FNDA:1,(anonymous_8)
FNDA:1,(anonymous_9)
FNDA:0,(anonymous_10)
FNDA:1,(anonymous_11)
DA:18,5
DA:21,5
DA:22,5
DA:42,1
DA:43,1
DA:44,1
DA:45,2
DA:50,1
DA:51,0
DA:55,1
DA:56,0
DA:59,5
DA:60,5
DA:61,5
DA:63,5
DA:65,5
DA:69,1
DA:70,1
DA:73,1
DA:80,0
DA:81,1
LF:21
LH:18
BRDA:43,0,0,1
BRDA:43,0,1,0
BRDA:50,1,0,0
BRDA:50,1,1,1
BRDA:55,2,0,0
BRDA:55,2,1,1
BRDA:64,3,0,5
BRDA:64,3,1,5
BRDA:68,4,0,0
BRDA:68,4,1,5
BRDA:80,5,0,0
BRDA:80,5,1,0
BRDA:81,6,0,1
BRDA:81,6,1,0
BRF:14
BRH:7
end_of_record
TN:
SF:src\components\NoteListComponent\NoteListComponent.tsx
FN:17,(anonymous_0)
FN:18,(anonymous_1)
FN:31,(anonymous_2)
FN:35,(anonymous_3)
FN:36,(anonymous_4)
FN:44,(anonymous_5)
FN:48,(anonymous_6)
FN:61,(anonymous_7)
FN:63,(anonymous_8)
FN:65,(anonymous_9)
FN:69,(anonymous_10)
FN:74,(anonymous_11)
FN:81,(anonymous_12)
FN:89,(anonymous_13)
FN:96,(anonymous_14)
FN:141,(anonymous_15)
FN:145,(anonymous_16)
FN:151,(anonymous_17)
FN:156,(anonymous_18)
FN:168,(anonymous_19)
FN:169,(anonymous_20)
FN:182,(anonymous_21)
FN:186,(anonymous_22)
FN:192,(anonymous_23)
FN:197,(anonymous_24)
FN:207,(anonymous_25)
FNF:26
FNH:5
FNDA:2,(anonymous_0)
FNDA:2,(anonymous_1)
FNDA:0,(anonymous_2)
FNDA:0,(anonymous_3)
FNDA:0,(anonymous_4)
FNDA:0,(anonymous_5)
FNDA:0,(anonymous_6)
FNDA:0,(anonymous_7)
FNDA:0,(anonymous_8)
FNDA:0,(anonymous_9)
FNDA:0,(anonymous_10)
FNDA:2,(anonymous_11)
FNDA:0,(anonymous_12)
FNDA:0,(anonymous_13)
FNDA:0,(anonymous_14)
FNDA:2,(anonymous_15)
FNDA:0,(anonymous_16)
FNDA:0,(anonymous_17)
FNDA:0,(anonymous_18)
FNDA:0,(anonymous_19)
FNDA:0,(anonymous_20)
FNDA:2,(anonymous_21)
FNDA:0,(anonymous_22)
FNDA:0,(anonymous_23)
FNDA:0,(anonymous_24)
FNDA:0,(anonymous_25)
DA:17,2
DA:18,2
DA:19,2
DA:25,2
DA:26,2
DA:27,2
DA:30,2
DA:31,2
DA:32,0
DA:35,2
DA:36,0
DA:37,0
DA:38,0
DA:39,0
DA:44,2
DA:45,0
DA:46,0
DA:47,0
DA:48,0
DA:49,0
DA:50,0
DA:51,0
DA:53,0
DA:54,0
DA:56,0
DA:58,0
DA:61,2
DA:63,0
DA:64,0
DA:65,0
DA:66,0
DA:69,2
DA:70,0
DA:71,0
DA:74,2
DA:75,2
DA:76,1
DA:78,1
DA:81,2
DA:82,0
DA:83,0
DA:85,0
DA:89,2
DA:90,0
DA:91,0
DA:93,0
DA:96,2
DA:97,0
DA:100,0
DA:101,0
DA:104,0
DA:105,0
DA:118,0
DA:119,0
DA:121,0
DA:125,0
DA:136,0
DA:137,0
DA:141,2
DA:142,2
DA:145,0
DA:152,0
DA:158,0
DA:168,0
DA:169,0
DA:182,2
DA:183,2
DA:187,0
DA:193,0
DA:198,0
DA:207,0
DA:219,2
LF:72
LH:24
BRDA:37,0,0,0
BRDA:37,0,1,0
BRDA:45,1,0,0
BRDA:45,1,1,0
BRDA:47,2,0,0
BRDA:47,2,1,0
BRDA:49,3,0,0
BRDA:49,3,1,0
BRDA:63,4,0,0
BRDA:63,4,1,0
BRDA:65,5,0,0
BRDA:65,5,1,0
BRDA:75,6,0,1
BRDA:75,6,1,1
BRDA:82,7,0,0
BRDA:82,7,1,0
BRDA:90,8,0,0
BRDA:90,8,1,0
BRDA:100,9,0,0
BRDA:100,9,1,0
BRDA:104,10,0,0
BRDA:104,10,1,0
BRDA:118,11,0,0
BRDA:118,11,1,0
BRF:24
BRH:2
end_of_record
TN:
SF:src\components\NoteListComponent\index.tsx
FN:17,(anonymous_0)
FN:25,(anonymous_1)
FN:28,(anonymous_2)
FN:29,(anonymous_3)
FNF:4
FNH:0
FNDA:0,(anonymous_0)
FNDA:0,(anonymous_1)
FNDA:0,(anonymous_2)
FNDA:0,(anonymous_3)
DA:17,1
DA:18,0
DA:25,1
DA:27,0
DA:28,0
DA:29,0
LF:6
LH:2
BRF:0
BRH:0
end_of_record
TN:
SF:src\components\NoteListComponent\noteListUtility.tsx
FN:2,(anonymous_0)
FN:13,(anonymous_1)
FN:29,(anonymous_2)
FN:42,(anonymous_3)
FN:57,(anonymous_4)
FN:62,(anonymous_5)
FNF:6
FNH:0
FNDA:0,(anonymous_0)
FNDA:0,(anonymous_1)
FNDA:0,(anonymous_2)
FNDA:0,(anonymous_3)
FNDA:0,(anonymous_4)
FNDA:0,(anonymous_5)
DA:2,2
DA:3,0
DA:4,0
DA:5,0
DA:7,0
DA:13,2
DA:14,0
DA:15,0
DA:16,0
DA:18,0
DA:20,0
DA:21,0
DA:23,0
DA:27,2
DA:29,2
DA:42,2
DA:57,2
DA:62,2
LF:18
LH:7
BRDA:20,0,0,0
BRDA:20,0,1,0
BRDA:36,1,0,0
BRDA:36,1,1,0
BRDA:50,2,0,0
BRDA:50,2,1,0
BRDA:58,3,0,0
BRDA:58,3,1,0
BRDA:63,4,0,0
BRDA:63,4,1,0
BRF:10
BRH:0
end_of_record
TN:
SF:src\config\createStore.tsx
FNF:0
FNH:0
DA:5,1
LF:1
LH:1
BRF:0
BRH:0
end_of_record
TN:
SF:src\config\http-common.tsx
FNF:0
FNH:0
DA:3,3
LF:1
LH:1
BRF:0
BRH:0
end_of_record
TN:
SF:src\pages\Home.tsx
FN:3,(anonymous_0)
FNF:1
FNH:0
FNDA:0,(anonymous_0)
DA:3,1
DA:4,0
LF:2
LH:1
BRF:0
BRH:0
end_of_record
TN:
SF:src\reducers\index.tsx
FNF:0
FNH:0
LF:0
LH:0
BRF:0
BRH:0
end_of_record
TN:
SF:src\reducers\noteReducer.ts
FN:7,(anonymous_0)
FNF:1
FNH:1
FNDA:5,(anonymous_0)
DA:2,2
DA:7,2
DA:11,5
DA:13,1
DA:19,0
DA:25,4
LF:6
LH:5
BRDA:8,0,0,5
BRDA:11,1,0,1
BRDA:11,1,1,0
BRDA:11,1,2,4
BRF:4
BRH:3
end_of_record
TN:
SF:src\services\NoteService.tsx
FN:16,(anonymous_0)
FN:20,(anonymous_1)
FNF:2
FNH:1
FNDA:2,(anonymous_0)
FNDA:0,(anonymous_1)
DA:17,2
DA:21,0
LF:2
LH:1
BRF:0
BRH:0
end_of_record
